{"/home/travis/build/npmtest/node-npmtest-mocha-webpack/test.js":{"path":"/home/travis/build/npmtest/node-npmtest-mocha-webpack/test.js","s":{"1":2,"2":2,"3":2,"4":2,"5":2,"6":2,"7":2,"8":1,"9":2,"10":2,"11":1,"12":1,"13":1,"14":1,"15":2,"16":2,"17":2,"18":2,"19":1,"20":1,"21":2,"22":2,"23":2,"24":1,"25":1,"26":1,"27":1,"28":1,"29":1,"30":1,"31":1,"32":1,"33":1,"34":1,"35":1,"36":1,"37":1,"38":1,"39":2,"40":2,"41":1,"42":2,"43":2,"44":1,"45":2,"46":2,"47":1,"48":2,"49":2,"50":1,"51":1,"52":1,"53":1,"54":1},"b":{"1":[2,1,1,1],"2":[1,1,1,1],"3":[1,1],"4":[1,1],"5":[1,1],"6":[1,1],"7":[1,1],"8":[1,1],"9":[1,1],"10":[1,1,1],"11":[1,1],"12":[1,1],"13":[1,1],"14":[1,1],"15":[1,1],"16":[1,1],"17":[1,1]},"f":{"1":2,"2":2,"3":2,"4":2,"5":2,"6":1,"7":1,"8":1,"9":2,"10":2,"11":2,"12":2,"13":1},"fnMap":{"1":{"name":"(anonymous_1)","line":12,"loc":{"start":{"line":12,"column":1},"end":{"line":12,"column":13}}},"2":{"name":"(anonymous_2)","line":19,"loc":{"start":{"line":19,"column":5},"end":{"line":19,"column":17}}},"3":{"name":"(anonymous_3)","line":23,"loc":{"start":{"line":23,"column":24},"end":{"line":23,"column":36}}},"4":{"name":"(anonymous_4)","line":61,"loc":{"start":{"line":61,"column":5},"end":{"line":61,"column":17}}},"5":{"name":"(anonymous_5)","line":82,"loc":{"start":{"line":82,"column":5},"end":{"line":82,"column":17}}},"6":{"name":"(anonymous_6)","line":91,"loc":{"start":{"line":91,"column":77},"end":{"line":94,"column":10}}},"7":{"name":"(anonymous_7)","line":112,"loc":{"start":{"line":112,"column":83},"end":{"line":115,"column":10}},"skip":true},"8":{"name":"(anonymous_8)","line":123,"loc":{"start":{"line":123,"column":77},"end":{"line":126,"column":10}},"skip":true},"9":{"name":"(anonymous_9)","line":139,"loc":{"start":{"line":139,"column":12},"end":{"line":139,"column":40}},"skip":true},"10":{"name":"(anonymous_10)","line":147,"loc":{"start":{"line":147,"column":77},"end":{"line":150,"column":10}},"skip":true},"11":{"name":"(anonymous_11)","line":158,"loc":{"start":{"line":158,"column":83},"end":{"line":161,"column":10}},"skip":true},"12":{"name":"(anonymous_12)","line":169,"loc":{"start":{"line":169,"column":79},"end":{"line":172,"column":10}},"skip":true},"13":{"name":"(anonymous_13)","line":180,"loc":{"start":{"line":180,"column":75},"end":{"line":183,"column":10}},"skip":true}},"statementMap":{"1":{"start":{"line":12,"column":0},"end":{"line":195,"column":5}},"2":{"start":{"line":14,"column":4},"end":{"line":14,"column":14}},"3":{"start":{"line":19,"column":4},"end":{"line":56,"column":9}},"4":{"start":{"line":21,"column":8},"end":{"line":21,"column":19}},"5":{"start":{"line":23,"column":8},"end":{"line":35,"column":13}},"6":{"start":{"line":24,"column":12},"end":{"line":34,"column":13}},"7":{"start":{"line":25,"column":16},"end":{"line":28,"column":30}},"8":{"start":{"line":30,"column":16},"end":{"line":33,"column":27}},"9":{"start":{"line":37,"column":8},"end":{"line":39,"column":21}},"10":{"start":{"line":40,"column":8},"end":{"line":53,"column":9}},"11":{"start":{"line":43,"column":12},"end":{"line":46,"column":14}},"12":{"start":{"line":47,"column":12},"end":{"line":47,"column":18}},"13":{"start":{"line":50,"column":12},"end":{"line":51,"column":33}},"14":{"start":{"line":52,"column":12},"end":{"line":52,"column":18}},"15":{"start":{"line":55,"column":8},"end":{"line":55,"column":35}},"16":{"start":{"line":61,"column":4},"end":{"line":63,"column":9}},"17":{"start":{"line":62,"column":8},"end":{"line":62,"column":15}},"18":{"start":{"line":64,"column":4},"end":{"line":77,"column":5}},"19":{"start":{"line":70,"column":8},"end":{"line":70,"column":14}},"20":{"start":{"line":76,"column":8},"end":{"line":76,"column":14}},"21":{"start":{"line":82,"column":4},"end":{"line":84,"column":9}},"22":{"start":{"line":83,"column":8},"end":{"line":83,"column":15}},"23":{"start":{"line":85,"column":4},"end":{"line":194,"column":5}},"24":{"start":{"line":91,"column":8},"end":{"line":99,"column":10}},"25":{"start":{"line":98,"column":12},"end":{"line":98,"column":35}},"26":{"start":{"line":102,"column":8},"end":{"line":104,"column":63}},"27":{"start":{"line":105,"column":8},"end":{"line":105,"column":14}},"28":{"start":{"line":112,"column":8},"end":{"line":121,"column":10},"skip":true},"29":{"start":{"line":119,"column":12},"end":{"line":119,"column":55},"skip":true},"30":{"start":{"line":120,"column":12},"end":{"line":120,"column":48},"skip":true},"31":{"start":{"line":123,"column":8},"end":{"line":136,"column":10},"skip":true},"32":{"start":{"line":130,"column":12},"end":{"line":130,"column":76},"skip":true},"33":{"start":{"line":131,"column":12},"end":{"line":131,"column":73},"skip":true},"34":{"start":{"line":132,"column":12},"end":{"line":132,"column":74},"skip":true},"35":{"start":{"line":133,"column":12},"end":{"line":133,"column":79},"skip":true},"36":{"start":{"line":134,"column":12},"end":{"line":134,"column":25},"skip":true},"37":{"start":{"line":135,"column":12},"end":{"line":135,"column":45},"skip":true},"38":{"start":{"line":138,"column":8},"end":{"line":145,"column":14},"skip":true},"39":{"start":{"line":143,"column":16},"end":{"line":143,"column":29},"skip":true},"40":{"start":{"line":144,"column":16},"end":{"line":144,"column":55},"skip":true},"41":{"start":{"line":147,"column":8},"end":{"line":156,"column":10},"skip":true},"42":{"start":{"line":154,"column":12},"end":{"line":154,"column":25},"skip":true},"43":{"start":{"line":155,"column":12},"end":{"line":155,"column":45},"skip":true},"44":{"start":{"line":158,"column":8},"end":{"line":167,"column":10},"skip":true},"45":{"start":{"line":165,"column":12},"end":{"line":165,"column":25},"skip":true},"46":{"start":{"line":166,"column":12},"end":{"line":166,"column":48},"skip":true},"47":{"start":{"line":169,"column":8},"end":{"line":178,"column":10},"skip":true},"48":{"start":{"line":176,"column":12},"end":{"line":176,"column":25},"skip":true},"49":{"start":{"line":177,"column":12},"end":{"line":177,"column":46},"skip":true},"50":{"start":{"line":180,"column":8},"end":{"line":189,"column":10},"skip":true},"51":{"start":{"line":187,"column":12},"end":{"line":187,"column":94},"skip":true},"52":{"start":{"line":188,"column":12},"end":{"line":188,"column":48},"skip":true},"53":{"start":{"line":192,"column":8},"end":{"line":192,"column":35},"skip":true},"54":{"start":{"line":193,"column":8},"end":{"line":193,"column":14},"skip":true}},"branchMap":{"1":{"line":25,"type":"binary-expr","locations":[{"start":{"line":25,"column":23},"end":{"line":25,"column":62}},{"start":{"line":26,"column":20},"end":{"line":26,"column":70}},{"start":{"line":27,"column":20},"end":{"line":27,"column":71}},{"start":{"line":28,"column":20},"end":{"line":28,"column":29}}]},"2":{"line":30,"type":"binary-expr","locations":[{"start":{"line":30,"column":23},"end":{"line":30,"column":37}},{"start":{"line":31,"column":20},"end":{"line":31,"column":61}},{"start":{"line":32,"column":20},"end":{"line":32,"column":70}},{"start":{"line":33,"column":20},"end":{"line":33,"column":26}}]},"3":{"line":37,"type":"cond-expr","locations":[{"start":{"line":38,"column":14},"end":{"line":38,"column":20}},{"start":{"line":39,"column":14},"end":{"line":39,"column":20}}]},"4":{"line":40,"type":"switch","locations":[{"start":{"line":42,"column":8},"end":{"line":47,"column":18}},{"start":{"line":49,"column":8},"end":{"line":52,"column":18}}]},"5":{"line":44,"type":"binary-expr","locations":[{"start":{"line":44,"column":16},"end":{"line":44,"column":44}},{"start":{"line":44,"column":48},"end":{"line":44,"column":66}}]},"6":{"line":50,"type":"binary-expr","locations":[{"start":{"line":50,"column":21},"end":{"line":50,"column":49}},{"start":{"line":50,"column":53},"end":{"line":50,"column":72}}]},"7":{"line":64,"type":"switch","locations":[{"start":{"line":69,"column":4},"end":{"line":70,"column":14}},{"start":{"line":75,"column":4},"end":{"line":76,"column":14}}]},"8":{"line":85,"type":"switch","locations":[{"start":{"line":90,"column":4},"end":{"line":105,"column":14}},{"start":{"line":111,"column":4},"end":{"line":193,"column":14},"skip":true}]},"9":{"line":91,"type":"binary-expr","locations":[{"start":{"line":91,"column":42},"end":{"line":91,"column":73}},{"start":{"line":91,"column":77},"end":{"line":99,"column":9}}]},"10":{"line":102,"type":"binary-expr","locations":[{"start":{"line":102,"column":18},"end":{"line":102,"column":32}},{"start":{"line":103,"column":12},"end":{"line":103,"column":53}},{"start":{"line":104,"column":12},"end":{"line":104,"column":61}}]},"11":{"line":112,"type":"binary-expr","locations":[{"start":{"line":112,"column":45},"end":{"line":112,"column":79},"skip":true},{"start":{"line":112,"column":83},"end":{"line":121,"column":9},"skip":true}]},"12":{"line":123,"type":"binary-expr","locations":[{"start":{"line":123,"column":42},"end":{"line":123,"column":73},"skip":true},{"start":{"line":123,"column":77},"end":{"line":136,"column":9},"skip":true}]},"13":{"line":138,"type":"binary-expr","locations":[{"start":{"line":138,"column":48},"end":{"line":138,"column":85},"skip":true},{"start":{"line":139,"column":12},"end":{"line":145,"column":13},"skip":true}]},"14":{"line":147,"type":"binary-expr","locations":[{"start":{"line":147,"column":42},"end":{"line":147,"column":73},"skip":true},{"start":{"line":147,"column":77},"end":{"line":156,"column":9},"skip":true}]},"15":{"line":158,"type":"binary-expr","locations":[{"start":{"line":158,"column":45},"end":{"line":158,"column":79},"skip":true},{"start":{"line":158,"column":83},"end":{"line":167,"column":9},"skip":true}]},"16":{"line":169,"type":"binary-expr","locations":[{"start":{"line":169,"column":43},"end":{"line":169,"column":75},"skip":true},{"start":{"line":169,"column":79},"end":{"line":178,"column":9},"skip":true}]},"17":{"line":180,"type":"binary-expr","locations":[{"start":{"line":180,"column":41},"end":{"line":180,"column":71},"skip":true},{"start":{"line":180,"column":75},"end":{"line":189,"column":9},"skip":true}]}},"code":["/* istanbul instrument in package npmtest_mocha_webpack */","/*jslint","    bitwise: true,","    browser: true,","    maxerr: 8,","    maxlen: 96,","    node: true,","    nomen: true,","    regexp: true,","    stupid: true","*/","(function () {","    'use strict';","    var local;","","","","    // run shared js-env code - pre-init","    (function () {","        // init local","        local = {};","        // init modeJs","        local.modeJs = (function () {","            try {","                return typeof navigator.userAgent === 'string' &&","                    typeof document.querySelector('body') === 'object' &&","                    typeof XMLHttpRequest.prototype.open === 'function' &&","                    'browser';","            } catch (errorCaughtBrowser) {","                return module.exports &&","                    typeof process.versions.node === 'string' &&","                    typeof require('http').createServer === 'function' &&","                    'node';","            }","        }());","        // init global","        local.global = local.modeJs === 'browser'","            ? window","            : global;","        switch (local.modeJs) {","        // re-init local from window.local","        case 'browser':","            local = local.global.utility2.objectSetDefault(","                local.global.utility2_rollup || local.global.local,","                local.global.utility2","            );","            break;","        // re-init local from example.js","        case 'node':","            local = (local.global.utility2_rollup || require('utility2'))","                .requireReadme();","            break;","        }","        // export local","        local.global.local = local;","    }());","","","","    // run shared js-env code - function","    (function () {","        return;","    }());","    switch (local.modeJs) {","","","","    // run browser js-env code - function","    case 'browser':","        break;","","","","    // run node js-env code - function","    case 'node':","        break;","    }","","","","    // run shared js-env code - post-init","    (function () {","        return;","    }());","    switch (local.modeJs) {","","","","    // run browser js-env code - post-init","    case 'browser':","        local.testCase_browser_nullCase = local.testCase_browser_nullCase || function (","            options,","            onError","        ) {","        /*","         * this function will test browsers's null-case handling-behavior-behavior","         */","            onError(null, options);","        };","","        // run tests","        local.nop(local.modeTest &&","            document.querySelector('#testRunButton1') &&","            document.querySelector('#testRunButton1').click());","        break;","","","","    // run node js-env code - post-init","    /* istanbul ignore next */","    case 'node':","        local.testCase_buildApidoc_default = local.testCase_buildApidoc_default || function (","            options,","            onError","        ) {","        /*","         * this function will test buildApidoc's default handling-behavior-behavior","         */","            options = { modulePathList: module.paths };","            local.buildApidoc(options, onError);","        };","","        local.testCase_buildApp_default = local.testCase_buildApp_default || function (","            options,","            onError","        ) {","        /*","         * this function will test buildApp's default handling-behavior-behavior","         */","            local.testCase_buildReadme_default(options, local.onErrorThrow);","            local.testCase_buildLib_default(options, local.onErrorThrow);","            local.testCase_buildTest_default(options, local.onErrorThrow);","            local.testCase_buildCustomOrg_default(options, local.onErrorThrow);","            options = [];","            local.buildApp(options, onError);","        };","","        local.testCase_buildCustomOrg_default = local.testCase_buildCustomOrg_default ||","            function (options, onError) {","            /*","             * this function will test buildCustomOrg's default handling-behavior","             */","                options = {};","                local.buildCustomOrg(options, onError);","            };","","        local.testCase_buildLib_default = local.testCase_buildLib_default || function (","            options,","            onError","        ) {","        /*","         * this function will test buildLib's default handling-behavior","         */","            options = {};","            local.buildLib(options, onError);","        };","","        local.testCase_buildReadme_default = local.testCase_buildReadme_default || function (","            options,","            onError","        ) {","        /*","         * this function will test buildReadme's default handling-behavior-behavior","         */","            options = {};","            local.buildReadme(options, onError);","        };","","        local.testCase_buildTest_default = local.testCase_buildTest_default || function (","            options,","            onError","        ) {","        /*","         * this function will test buildTest's default handling-behavior","         */","            options = {};","            local.buildTest(options, onError);","        };","","        local.testCase_webpage_default = local.testCase_webpage_default || function (","            options,","            onError","        ) {","        /*","         * this function will test webpage's default handling-behavior","         */","            options = { modeCoverageMerge: true, url: local.serverLocalHost + '?modeTest=1' };","            local.browserTest(options, onError);","        };","","        // run test-server","        local.testRunServer(local);","        break;","    }","}());",""],"l":{"12":2,"14":2,"19":2,"21":2,"23":2,"24":2,"25":2,"30":1,"37":2,"40":2,"43":1,"47":1,"50":1,"52":1,"55":2,"61":2,"62":2,"64":2,"70":1,"76":1,"82":2,"83":2,"85":2,"91":1,"98":1,"102":1,"105":1,"112":1,"119":1,"120":1,"123":1,"130":1,"131":1,"132":1,"133":1,"134":1,"135":1,"138":1,"143":2,"144":2,"147":1,"154":2,"155":2,"158":1,"165":2,"166":2,"169":1,"176":2,"177":2,"180":1,"187":1,"188":1,"192":1,"193":1}},"/home/travis/build/npmtest/node-npmtest-mocha-webpack/lib.npmtest_mocha_webpack.js":{"path":"/home/travis/build/npmtest/node-npmtest-mocha-webpack/lib.npmtest_mocha_webpack.js","s":{"1":2,"2":2,"3":2,"4":2,"5":2,"6":2,"7":2,"8":1,"9":2,"10":2,"11":2,"12":2,"13":1,"14":1,"15":1,"16":1},"b":{"1":[2,1,1,1],"2":[1,1,1,1],"3":[1,1],"4":[2,2],"5":[1,1]},"f":{"1":2,"2":2,"3":2},"fnMap":{"1":{"name":"(anonymous_1)","line":12,"loc":{"start":{"line":12,"column":1},"end":{"line":12,"column":13}}},"2":{"name":"(anonymous_2)","line":19,"loc":{"start":{"line":19,"column":5},"end":{"line":19,"column":17}}},"3":{"name":"(anonymous_3)","line":23,"loc":{"start":{"line":23,"column":24},"end":{"line":23,"column":36}}}},"statementMap":{"1":{"start":{"line":12,"column":0},"end":{"line":53,"column":5}},"2":{"start":{"line":14,"column":4},"end":{"line":14,"column":14}},"3":{"start":{"line":19,"column":4},"end":{"line":52,"column":9}},"4":{"start":{"line":21,"column":8},"end":{"line":21,"column":19}},"5":{"start":{"line":23,"column":8},"end":{"line":35,"column":13}},"6":{"start":{"line":24,"column":12},"end":{"line":34,"column":13}},"7":{"start":{"line":25,"column":16},"end":{"line":28,"column":30}},"8":{"start":{"line":30,"column":16},"end":{"line":33,"column":27}},"9":{"start":{"line":37,"column":8},"end":{"line":39,"column":21}},"10":{"start":{"line":41,"column":8},"end":{"line":41,"column":54}},"11":{"start":{"line":43,"column":8},"end":{"line":43,"column":58}},"12":{"start":{"line":45,"column":8},"end":{"line":51,"column":9}},"13":{"start":{"line":46,"column":12},"end":{"line":46,"column":64}},"14":{"start":{"line":48,"column":12},"end":{"line":48,"column":35}},"15":{"start":{"line":49,"column":12},"end":{"line":49,"column":49}},"16":{"start":{"line":50,"column":12},"end":{"line":50,"column":43}}},"branchMap":{"1":{"line":25,"type":"binary-expr","locations":[{"start":{"line":25,"column":23},"end":{"line":25,"column":62}},{"start":{"line":26,"column":20},"end":{"line":26,"column":70}},{"start":{"line":27,"column":20},"end":{"line":27,"column":71}},{"start":{"line":28,"column":20},"end":{"line":28,"column":29}}]},"2":{"line":30,"type":"binary-expr","locations":[{"start":{"line":30,"column":23},"end":{"line":30,"column":37}},{"start":{"line":31,"column":20},"end":{"line":31,"column":61}},{"start":{"line":32,"column":20},"end":{"line":32,"column":70}},{"start":{"line":33,"column":20},"end":{"line":33,"column":26}}]},"3":{"line":37,"type":"cond-expr","locations":[{"start":{"line":38,"column":14},"end":{"line":38,"column":20}},{"start":{"line":39,"column":14},"end":{"line":39,"column":20}}]},"4":{"line":41,"type":"binary-expr","locations":[{"start":{"line":41,"column":16},"end":{"line":41,"column":44}},{"start":{"line":41,"column":48},"end":{"line":41,"column":53}}]},"5":{"line":45,"type":"if","locations":[{"start":{"line":45,"column":8},"end":{"line":45,"column":8}},{"start":{"line":45,"column":8},"end":{"line":45,"column":8}}]}},"code":["/* istanbul instrument in package npmtest_mocha_webpack */","/*jslint","    bitwise: true,","    browser: true,","    maxerr: 8,","    maxlen: 96,","    node: true,","    nomen: true,","    regexp: true,","    stupid: true","*/","(function () {","    'use strict';","    var local;","","","","    // run shared js-env code - pre-init","    (function () {","        // init local","        local = {};","        // init modeJs","        local.modeJs = (function () {","            try {","                return typeof navigator.userAgent === 'string' &&","                    typeof document.querySelector('body') === 'object' &&","                    typeof XMLHttpRequest.prototype.open === 'function' &&","                    'browser';","            } catch (errorCaughtBrowser) {","                return module.exports &&","                    typeof process.versions.node === 'string' &&","                    typeof require('http').createServer === 'function' &&","                    'node';","            }","        }());","        // init global","        local.global = local.modeJs === 'browser'","            ? window","            : global;","        // init utility2_rollup","        local = local.global.utility2_rollup || local;","        // init lib","        local.local = local.npmtest_mocha_webpack = local;","        // init exports","        if (local.modeJs === 'browser') {","            local.global.utility2_npmtest_mocha_webpack = local;","        } else {","            module.exports = local;","            module.exports.__dirname = __dirname;","            module.exports.module = module;","        }","    }());","}());",""],"l":{"12":2,"14":2,"19":2,"21":2,"23":2,"24":2,"25":2,"30":1,"37":2,"41":2,"43":2,"45":2,"46":1,"48":1,"49":1,"50":1}},"/home/travis/build/npmtest/node-npmtest-mocha-webpack/example.js":{"path":"/home/travis/build/npmtest/node-npmtest-mocha-webpack/example.js","s":{"1":2,"2":2,"3":2,"4":2,"5":2,"6":2,"7":2,"8":1,"9":2,"10":2,"11":2,"12":2,"13":1,"14":2,"15":2,"16":2,"17":2,"18":2,"19":0,"20":2,"21":1,"22":1,"23":1,"24":1,"25":1,"26":0,"27":0,"28":1,"29":1,"30":2,"31":0,"32":0,"33":0,"34":1,"35":2,"36":2,"37":3,"38":3,"39":3,"40":3,"41":0,"42":3,"43":3,"44":3,"45":1,"46":3,"47":1,"48":1,"49":1,"50":1,"51":1,"52":1,"53":1,"54":1,"55":1,"56":1,"57":0,"58":1,"59":6,"60":6,"61":1,"62":2,"63":0,"64":2,"65":1,"66":1,"67":0,"68":0,"69":0,"70":0,"71":0,"72":0,"73":0,"74":0,"75":0,"76":0,"77":0,"78":0,"79":0,"80":0,"81":0,"82":0,"83":0},"b":{"1":[2,1,1,1],"2":[1,1,1,1],"3":[1,1],"4":[2,2],"5":[1,1],"6":[1,1],"7":[2,0],"8":[2,1,1,1,1,1],"9":[0,2,0],"10":[1,1],"11":[2,1,1],"12":[1,0],"13":[0,2],"14":[2,0,0,0,0,0,0],"15":[0,3],"16":[3,0],"17":[1,1],"18":[0,1],"19":[1,2,0,2],"20":[1,0],"21":[1,1],"22":[0,0],"23":[0,0],"24":[0,0],"25":[0,0],"26":[0,0],"27":[0,0],"28":[0,0]},"f":{"1":2,"2":2,"3":2,"4":2,"5":2,"6":2,"7":3,"8":3,"9":3,"10":1,"11":6,"12":0},"fnMap":{"1":{"name":"(anonymous_1)","line":26,"loc":{"start":{"line":26,"column":1},"end":{"line":26,"column":13}}},"2":{"name":"(anonymous_2)","line":33,"loc":{"start":{"line":33,"column":5},"end":{"line":33,"column":17}}},"3":{"name":"(anonymous_3)","line":37,"loc":{"start":{"line":37,"column":24},"end":{"line":37,"column":36}}},"4":{"name":"(anonymous_4)","line":69,"loc":{"start":{"line":69,"column":31},"end":{"line":69,"column":48}},"skip":true},"5":{"name":"(anonymous_5)","line":78,"loc":{"start":{"line":78,"column":26},"end":{"line":78,"column":45}},"skip":true},"6":{"name":"(anonymous_6)","line":123,"loc":{"start":{"line":123,"column":33},"end":{"line":123,"column":48}},"skip":true},"7":{"name":"(anonymous_7)","line":125,"loc":{"start":{"line":125,"column":27},"end":{"line":125,"column":39}},"skip":true},"8":{"name":"(anonymous_8)","line":133,"loc":{"start":{"line":133,"column":59},"end":{"line":133,"column":74}},"skip":true},"9":{"name":"(anonymous_9)","line":143,"loc":{"start":{"line":143,"column":45},"end":{"line":143,"column":62}},"skip":true},"10":{"name":"(anonymous_10)","line":144,"loc":{"start":{"line":144,"column":73},"end":{"line":144,"column":92}},"skip":true},"11":{"name":"(anonymous_11)","line":272,"loc":{"start":{"line":272,"column":51},"end":{"line":272,"column":77}},"skip":true},"12":{"name":"(anonymous_12)","line":315,"loc":{"start":{"line":315,"column":32},"end":{"line":315,"column":61}},"skip":true}},"statementMap":{"1":{"start":{"line":26,"column":0},"end":{"line":326,"column":5}},"2":{"start":{"line":28,"column":4},"end":{"line":28,"column":14}},"3":{"start":{"line":33,"column":4},"end":{"line":60,"column":9}},"4":{"start":{"line":35,"column":8},"end":{"line":35,"column":19}},"5":{"start":{"line":37,"column":8},"end":{"line":49,"column":13}},"6":{"start":{"line":38,"column":12},"end":{"line":48,"column":13}},"7":{"start":{"line":39,"column":16},"end":{"line":42,"column":30}},"8":{"start":{"line":44,"column":16},"end":{"line":47,"column":27}},"9":{"start":{"line":51,"column":8},"end":{"line":53,"column":21}},"10":{"start":{"line":55,"column":8},"end":{"line":57,"column":45}},"11":{"start":{"line":59,"column":8},"end":{"line":59,"column":35}},"12":{"start":{"line":61,"column":4},"end":{"line":325,"column":5}},"13":{"start":{"line":69,"column":8},"end":{"line":121,"column":10},"skip":true},"14":{"start":{"line":70,"column":12},"end":{"line":88,"column":13},"skip":true},"15":{"start":{"line":76,"column":16},"end":{"line":87,"column":19},"skip":true},"16":{"start":{"line":79,"column":20},"end":{"line":86,"column":21},"skip":true},"17":{"start":{"line":82,"column":24},"end":{"line":82,"column":43},"skip":true},"18":{"start":{"line":83,"column":24},"end":{"line":83,"column":30},"skip":true},"19":{"start":{"line":85,"column":24},"end":{"line":85,"column":49},"skip":true},"20":{"start":{"line":89,"column":12},"end":{"line":107,"column":13},"skip":true},"21":{"start":{"line":92,"column":16},"end":{"line":102,"column":17},"skip":true},"22":{"start":{"line":93,"column":20},"end":{"line":93,"column":86},"skip":true},"23":{"start":{"line":94,"column":20},"end":{"line":95,"column":45},"skip":true},"24":{"start":{"line":96,"column":20},"end":{"line":96,"column":42},"skip":true},"25":{"start":{"line":97,"column":20},"end":{"line":97,"column":48},"skip":true},"26":{"start":{"line":100,"column":20},"end":{"line":100,"column":85},"skip":true},"27":{"start":{"line":101,"column":20},"end":{"line":101,"column":96},"skip":true},"28":{"start":{"line":103,"column":16},"end":{"line":103,"column":22},"skip":true},"29":{"start":{"line":106,"column":16},"end":{"line":106,"column":22},"skip":true},"30":{"start":{"line":108,"column":12},"end":{"line":120,"column":13},"skip":true},"31":{"start":{"line":114,"column":16},"end":{"line":119,"column":17},"skip":true},"32":{"start":{"line":116,"column":20},"end":{"line":116,"column":78},"skip":true},"33":{"start":{"line":118,"column":20},"end":{"line":118,"column":47},"skip":true},"34":{"start":{"line":123,"column":8},"end":{"line":141,"column":11},"skip":true},"35":{"start":{"line":124,"column":12},"end":{"line":124,"column":54},"skip":true},"36":{"start":{"line":125,"column":12},"end":{"line":140,"column":14},"skip":true},"37":{"start":{"line":126,"column":16},"end":{"line":126,"column":28},"skip":true},"38":{"start":{"line":127,"column":16},"end":{"line":127,"column":69},"skip":true},"39":{"start":{"line":128,"column":16},"end":{"line":128,"column":75},"skip":true},"40":{"start":{"line":129,"column":16},"end":{"line":131,"column":17},"skip":true},"41":{"start":{"line":130,"column":20},"end":{"line":130,"column":27},"skip":true},"42":{"start":{"line":133,"column":16},"end":{"line":137,"column":36},"skip":true},"43":{"start":{"line":134,"column":20},"end":{"line":136,"column":55},"skip":true},"44":{"start":{"line":139,"column":16},"end":{"line":139,"column":57},"skip":true},"45":{"start":{"line":143,"column":8},"end":{"line":147,"column":11},"skip":true},"46":{"start":{"line":144,"column":12},"end":{"line":146,"column":15},"skip":true},"47":{"start":{"line":145,"column":16},"end":{"line":145,"column":70},"skip":true},"48":{"start":{"line":149,"column":8},"end":{"line":149,"column":31},"skip":true},"49":{"start":{"line":150,"column":8},"end":{"line":150,"column":14},"skip":true},"50":{"start":{"line":158,"column":8},"end":{"line":158,"column":31},"skip":true},"51":{"start":{"line":160,"column":8},"end":{"line":160,"column":33},"skip":true},"52":{"start":{"line":161,"column":8},"end":{"line":161,"column":37},"skip":true},"53":{"start":{"line":162,"column":8},"end":{"line":162,"column":35},"skip":true},"54":{"start":{"line":164,"column":8},"end":{"line":164,"column":50},"skip":true},"55":{"start":{"line":166,"column":8},"end":{"line":256,"column":2},"skip":true},"56":{"start":{"line":258,"column":8},"end":{"line":286,"column":9},"skip":true},"57":{"start":{"line":259,"column":12},"end":{"line":269,"column":14},"skip":true},"58":{"start":{"line":271,"column":12},"end":{"line":285,"column":19},"skip":true},"59":{"start":{"line":274,"column":20},"end":{"line":274,"column":35},"skip":true},"60":{"start":{"line":275,"column":20},"end":{"line":284,"column":21},"skip":true},"61":{"start":{"line":277,"column":24},"end":{"line":277,"column":64},"skip":true},"62":{"start":{"line":279,"column":24},"end":{"line":279,"column":40},"skip":true},"63":{"start":{"line":281,"column":24},"end":{"line":281,"column":40},"skip":true},"64":{"start":{"line":283,"column":24},"end":{"line":283,"column":39},"skip":true},"65":{"start":{"line":288,"column":8},"end":{"line":290,"column":9},"skip":true},"66":{"start":{"line":289,"column":12},"end":{"line":289,"column":18},"skip":true},"67":{"start":{"line":291,"column":8},"end":{"line":293,"column":54},"skip":true},"68":{"start":{"line":296,"column":8},"end":{"line":301,"column":37},"skip":true},"69":{"start":{"line":303,"column":8},"end":{"line":303,"column":82},"skip":true},"70":{"start":{"line":306,"column":8},"end":{"line":308,"column":9},"skip":true},"71":{"start":{"line":307,"column":12},"end":{"line":307,"column":82},"skip":true},"72":{"start":{"line":310,"column":8},"end":{"line":312,"column":9},"skip":true},"73":{"start":{"line":311,"column":12},"end":{"line":311,"column":18},"skip":true},"74":{"start":{"line":313,"column":8},"end":{"line":313,"column":54},"skip":true},"75":{"start":{"line":314,"column":8},"end":{"line":314,"column":69},"skip":true},"76":{"start":{"line":315,"column":8},"end":{"line":323,"column":36},"skip":true},"77":{"start":{"line":316,"column":12},"end":{"line":316,"column":61},"skip":true},"78":{"start":{"line":317,"column":12},"end":{"line":320,"column":13},"skip":true},"79":{"start":{"line":318,"column":16},"end":{"line":318,"column":75},"skip":true},"80":{"start":{"line":319,"column":16},"end":{"line":319,"column":23},"skip":true},"81":{"start":{"line":321,"column":12},"end":{"line":321,"column":38},"skip":true},"82":{"start":{"line":322,"column":12},"end":{"line":322,"column":27},"skip":true},"83":{"start":{"line":324,"column":8},"end":{"line":324,"column":14},"skip":true}},"branchMap":{"1":{"line":39,"type":"binary-expr","locations":[{"start":{"line":39,"column":23},"end":{"line":39,"column":62}},{"start":{"line":40,"column":20},"end":{"line":40,"column":70}},{"start":{"line":41,"column":20},"end":{"line":41,"column":71}},{"start":{"line":42,"column":20},"end":{"line":42,"column":29}}]},"2":{"line":44,"type":"binary-expr","locations":[{"start":{"line":44,"column":23},"end":{"line":44,"column":37}},{"start":{"line":45,"column":20},"end":{"line":45,"column":61}},{"start":{"line":46,"column":20},"end":{"line":46,"column":70}},{"start":{"line":47,"column":20},"end":{"line":47,"column":26}}]},"3":{"line":51,"type":"cond-expr","locations":[{"start":{"line":52,"column":14},"end":{"line":52,"column":20}},{"start":{"line":53,"column":14},"end":{"line":53,"column":20}}]},"4":{"line":55,"type":"binary-expr","locations":[{"start":{"line":55,"column":16},"end":{"line":55,"column":44}},{"start":{"line":55,"column":49},"end":{"line":57,"column":43}}]},"5":{"line":55,"type":"cond-expr","locations":[{"start":{"line":56,"column":14},"end":{"line":56,"column":57}},{"start":{"line":57,"column":14},"end":{"line":57,"column":43}}]},"6":{"line":61,"type":"switch","locations":[{"start":{"line":68,"column":4},"end":{"line":150,"column":14},"skip":true},{"start":{"line":156,"column":4},"end":{"line":324,"column":14},"skip":true}]},"7":{"line":70,"type":"if","locations":[{"start":{"line":70,"column":12},"end":{"line":70,"column":12},"skip":true},{"start":{"line":70,"column":12},"end":{"line":70,"column":12},"skip":true}]},"8":{"line":70,"type":"binary-expr","locations":[{"start":{"line":70,"column":16},"end":{"line":70,"column":22},"skip":true},{"start":{"line":70,"column":27},"end":{"line":70,"column":32},"skip":true},{"start":{"line":71,"column":20},"end":{"line":71,"column":39},"skip":true},{"start":{"line":72,"column":20},"end":{"line":72,"column":49},"skip":true},{"start":{"line":73,"column":20},"end":{"line":73,"column":58},"skip":true},{"start":{"line":74,"column":20},"end":{"line":74,"column":69},"skip":true}]},"9":{"line":79,"type":"switch","locations":[{"start":{"line":80,"column":20},"end":{"line":80,"column":33},"skip":true},{"start":{"line":81,"column":20},"end":{"line":83,"column":30},"skip":true},{"start":{"line":84,"column":20},"end":{"line":85,"column":49},"skip":true}]},"10":{"line":89,"type":"switch","locations":[{"start":{"line":90,"column":12},"end":{"line":103,"column":22},"skip":true},{"start":{"line":105,"column":12},"end":{"line":106,"column":22},"skip":true}]},"11":{"line":89,"type":"binary-expr","locations":[{"start":{"line":89,"column":20},"end":{"line":89,"column":25},"skip":true},{"start":{"line":89,"column":29},"end":{"line":89,"column":48},"skip":true},{"start":{"line":89,"column":52},"end":{"line":89,"column":74},"skip":true}]},"12":{"line":92,"type":"if","locations":[{"start":{"line":92,"column":16},"end":{"line":92,"column":16},"skip":true},{"start":{"line":92,"column":16},"end":{"line":92,"column":16},"skip":true}]},"13":{"line":108,"type":"if","locations":[{"start":{"line":108,"column":12},"end":{"line":108,"column":12},"skip":true},{"start":{"line":108,"column":12},"end":{"line":108,"column":12},"skip":true}]},"14":{"line":108,"type":"binary-expr","locations":[{"start":{"line":108,"column":16},"end":{"line":108,"column":61},"skip":true},{"start":{"line":108,"column":66},"end":{"line":108,"column":72},"skip":true},{"start":{"line":108,"column":77},"end":{"line":108,"column":82},"skip":true},{"start":{"line":109,"column":20},"end":{"line":109,"column":39},"skip":true},{"start":{"line":110,"column":20},"end":{"line":110,"column":49},"skip":true},{"start":{"line":111,"column":20},"end":{"line":111,"column":58},"skip":true},{"start":{"line":112,"column":20},"end":{"line":112,"column":68},"skip":true}]},"15":{"line":129,"type":"if","locations":[{"start":{"line":129,"column":16},"end":{"line":129,"column":16},"skip":true},{"start":{"line":129,"column":16},"end":{"line":129,"column":16},"skip":true}]},"16":{"line":134,"type":"cond-expr","locations":[{"start":{"line":135,"column":26},"end":{"line":135,"column":29},"skip":true},{"start":{"line":136,"column":26},"end":{"line":136,"column":54},"skip":true}]},"17":{"line":164,"type":"binary-expr","locations":[{"start":{"line":164,"column":27},"end":{"line":164,"column":43},"skip":true},{"start":{"line":164,"column":47},"end":{"line":164,"column":49},"skip":true}]},"18":{"line":258,"type":"if","locations":[{"start":{"line":258,"column":8},"end":{"line":258,"column":8},"skip":true},{"start":{"line":258,"column":8},"end":{"line":258,"column":8},"skip":true}]},"19":{"line":275,"type":"switch","locations":[{"start":{"line":276,"column":20},"end":{"line":277,"column":64},"skip":true},{"start":{"line":278,"column":20},"end":{"line":279,"column":40},"skip":true},{"start":{"line":280,"column":20},"end":{"line":281,"column":40},"skip":true},{"start":{"line":282,"column":20},"end":{"line":283,"column":39},"skip":true}]},"20":{"line":288,"type":"if","locations":[{"start":{"line":288,"column":8},"end":{"line":288,"column":8},"skip":true},{"start":{"line":288,"column":8},"end":{"line":288,"column":8},"skip":true}]},"21":{"line":288,"type":"binary-expr","locations":[{"start":{"line":288,"column":12},"end":{"line":288,"column":40},"skip":true},{"start":{"line":288,"column":44},"end":{"line":288,"column":67},"skip":true}]},"22":{"line":292,"type":"binary-expr","locations":[{"start":{"line":292,"column":12},"end":{"line":292,"column":50},"skip":true},{"start":{"line":293,"column":12},"end":{"line":293,"column":53},"skip":true}]},"23":{"line":297,"type":"binary-expr","locations":[{"start":{"line":297,"column":12},"end":{"line":297,"column":71},"skip":true},{"start":{"line":298,"column":12},"end":{"line":301,"column":36},"skip":true}]},"24":{"line":303,"type":"binary-expr","locations":[{"start":{"line":303,"column":43},"end":{"line":303,"column":75},"skip":true},{"start":{"line":303,"column":79},"end":{"line":303,"column":81},"skip":true}]},"25":{"line":306,"type":"if","locations":[{"start":{"line":306,"column":8},"end":{"line":306,"column":8},"skip":true},{"start":{"line":306,"column":8},"end":{"line":306,"column":8},"skip":true}]},"26":{"line":310,"type":"if","locations":[{"start":{"line":310,"column":8},"end":{"line":310,"column":8},"skip":true},{"start":{"line":310,"column":8},"end":{"line":310,"column":8},"skip":true}]},"27":{"line":313,"type":"binary-expr","locations":[{"start":{"line":313,"column":27},"end":{"line":313,"column":43},"skip":true},{"start":{"line":313,"column":47},"end":{"line":313,"column":53},"skip":true}]},"28":{"line":317,"type":"if","locations":[{"start":{"line":317,"column":12},"end":{"line":317,"column":12},"skip":true},{"start":{"line":317,"column":12},"end":{"line":317,"column":12},"skip":true}]}},"code":["/*","example.js","","quickstart example","","instruction","    1. save this script as example.js","    2. run the shell command:","        $ npm install npmtest-mocha-webpack && PORT=8081 node example.js","    3. play with the browser-demo on http://127.0.0.1:8081","*/","","","","/* istanbul instrument in package npmtest_mocha_webpack */","/*jslint","    bitwise: true,","    browser: true,","    maxerr: 8,","    maxlen: 96,","    node: true,","    nomen: true,","    regexp: true,","    stupid: true","*/","(function () {","    'use strict';","    var local;","","","","    // run shared js-env code - pre-init","    (function () {","        // init local","        local = {};","        // init modeJs","        local.modeJs = (function () {","            try {","                return typeof navigator.userAgent === 'string' &&","                    typeof document.querySelector('body') === 'object' &&","                    typeof XMLHttpRequest.prototype.open === 'function' &&","                    'browser';","            } catch (errorCaughtBrowser) {","                return module.exports &&","                    typeof process.versions.node === 'string' &&","                    typeof require('http').createServer === 'function' &&","                    'node';","            }","        }());","        // init global","        local.global = local.modeJs === 'browser'","            ? window","            : global;","        // init utility2_rollup","        local = local.global.utility2_rollup || (local.modeJs === 'browser'","            ? local.global.utility2_npmtest_mocha_webpack","            : global.utility2_moduleExports);","        // export local","        local.global.local = local;","    }());","    switch (local.modeJs) {","","","","    // post-init","    // run browser js-env code - post-init","    /* istanbul ignore next */","    case 'browser':","        local.testRunBrowser = function (event) {","            if (!event || (event &&","                    event.currentTarget &&","                    event.currentTarget.className &&","                    event.currentTarget.className.includes &&","                    event.currentTarget.className.includes('onreset'))) {","                // reset output","                Array.from(","                    document.querySelectorAll('body > .resettable')","                ).forEach(function (element) {","                    switch (element.tagName) {","                    case 'INPUT':","                    case 'TEXTAREA':","                        element.value = '';","                        break;","                    default:","                        element.textContent = '';","                    }","                });","            }","            switch (event && event.currentTarget && event.currentTarget.id) {","            case 'testRunButton1':","                // show tests","                if (document.querySelector('#testReportDiv1').style.display === 'none') {","                    document.querySelector('#testReportDiv1').style.display = 'block';","                    document.querySelector('#testRunButton1').textContent =","                        'hide internal test';","                    local.modeTest = true;","                    local.testRunDefault(local);","                // hide tests","                } else {","                    document.querySelector('#testReportDiv1').style.display = 'none';","                    document.querySelector('#testRunButton1').textContent = 'run internal test';","                }","                break;","            // custom-case","            default:","                break;","            }","            if (document.querySelector('#inputTextareaEval1') && (!event || (event &&","                    event.currentTarget &&","                    event.currentTarget.className &&","                    event.currentTarget.className.includes &&","                    event.currentTarget.className.includes('oneval')))) {","                // try to eval input-code","                try {","                    /*jslint evil: true*/","                    eval(document.querySelector('#inputTextareaEval1').value);","                } catch (errorCaught) {","                    console.error(errorCaught);","                }","            }","        };","        // log stderr and stdout to #outputTextareaStdout1","        ['error', 'log'].forEach(function (key) {","            console[key + '_original'] = console[key];","            console[key] = function () {","                var element;","                console[key + '_original'].apply(console, arguments);","                element = document.querySelector('#outputTextareaStdout1');","                if (!element) {","                    return;","                }","                // append text to #outputTextareaStdout1","                element.value += Array.from(arguments).map(function (arg) {","                    return typeof arg === 'string'","                        ? arg","                        : JSON.stringify(arg, null, 4);","                }).join(' ') + '\\n';","                // scroll textarea to bottom","                element.scrollTop = element.scrollHeight;","            };","        });","        // init event-handling","        ['change', 'click', 'keyup'].forEach(function (event) {","            Array.from(document.querySelectorAll('.on' + event)).forEach(function (element) {","                element.addEventListener(event, local.testRunBrowser);","            });","        });","        // run tests","        local.testRunBrowser();","        break;","","","","    // run node js-env code - post-init","    /* istanbul ignore next */","    case 'node':","        // export local","        module.exports = local;","        // require modules","        local.fs = require('fs');","        local.http = require('http');","        local.url = require('url');","        // init assets","        local.assetsDict = local.assetsDict || {};","        /* jslint-ignore-begin */","        local.assetsDict['/assets.index.template.html'] = '\\","<!doctype html>\\n\\","<html lang=\"en\">\\n\\","<head>\\n\\","<meta charset=\"UTF-8\">\\n\\","<meta name=\"viewport\" content=\"width=device-width, initial-scale=1\">\\n\\","<title>{{env.npm_package_name}} (v{{env.npm_package_version}})</title>\\n\\","<style>\\n\\","/*csslint\\n\\","    box-sizing: false,\\n\\","    universal-selector: false\\n\\","*/\\n\\","* {\\n\\","    box-sizing: border-box;\\n\\","}\\n\\","body {\\n\\","    background: #dde;\\n\\","    font-family: Arial, Helvetica, sans-serif;\\n\\","    margin: 2rem;\\n\\","}\\n\\","body > * {\\n\\","    margin-bottom: 1rem;\\n\\","}\\n\\",".utility2FooterDiv {\\n\\","    margin-top: 20px;\\n\\","    text-align: center;\\n\\","}\\n\\","</style>\\n\\","<style>\\n\\","/*csslint\\n\\","*/\\n\\","textarea {\\n\\","    font-family: monospace;\\n\\","    height: 10rem;\\n\\","    width: 100%;\\n\\","}\\n\\","textarea[readonly] {\\n\\","    background: #ddd;\\n\\","}\\n\\","</style>\\n\\","</head>\\n\\","<body>\\n\\","<!-- utility2-comment\\n\\","<div id=\"ajaxProgressDiv1\" style=\"background: #d00; height: 2px; left: 0; margin: 0; padding: 0; position: fixed; top: 0; transition: background 0.5s, width 1.5s; width: 25%;\"></div>\\n\\","utility2-comment -->\\n\\","<h1>\\n\\","<!-- utility2-comment\\n\\","    <a\\n\\","        {{#if env.npm_package_homepage}}\\n\\","        href=\"{{env.npm_package_homepage}}\"\\n\\","        {{/if env.npm_package_homepage}}\\n\\","        target=\"_blank\"\\n\\","    >\\n\\","utility2-comment -->\\n\\","        {{env.npm_package_name}} (v{{env.npm_package_version}})\\n\\","<!-- utility2-comment\\n\\","    </a>\\n\\","utility2-comment -->\\n\\","</h1>\\n\\","<h3>{{env.npm_package_description}}</h3>\\n\\","<!-- utility2-comment\\n\\","<h4><a download href=\"assets.app.js\">download standalone app</a></h4>\\n\\","<button class=\"onclick onreset\" id=\"testRunButton1\">run internal test</button><br>\\n\\","<div id=\"testReportDiv1\" style=\"display: none;\"></div>\\n\\","utility2-comment -->\\n\\","\\n\\","\\n\\","\\n\\","<label>stderr and stdout</label>\\n\\","<textarea class=\"resettable\" id=\"outputTextareaStdout1\" readonly></textarea>\\n\\","<!-- utility2-comment\\n\\","{{#if isRollup}}\\n\\","<script src=\"assets.app.js\"></script>\\n\\","{{#unless isRollup}}\\n\\","utility2-comment -->\\n\\","<script src=\"assets.utility2.rollup.js\"></script>\\n\\","<script src=\"jsonp.utility2._stateInit?callback=window.utility2._stateInit\"></script>\\n\\","<script src=\"assets.npmtest_mocha_webpack.rollup.js\"></script>\\n\\","<script src=\"assets.example.js\"></script>\\n\\","<script src=\"assets.test.js\"></script>\\n\\","<!-- utility2-comment\\n\\","{{/if isRollup}}\\n\\","utility2-comment -->\\n\\","<div class=\"utility2FooterDiv\">\\n\\","    [ this app was created with\\n\\","    <a href=\"https://github.com/kaizhu256/node-utility2\" target=\"_blank\">utility2</a>\\n\\","    ]\\n\\","</div>\\n\\","</body>\\n\\","</html>\\n\\","';","        /* jslint-ignore-end */","        if (local.templateRender) {","            local.assetsDict['/'] = local.templateRender(","                local.assetsDict['/assets.index.template.html'],","                {","                    env: local.objectSetDefault(local.env, {","                        npm_package_description: 'the greatest app in the world!',","                        npm_package_name: 'my-app',","                        npm_package_nameAlias: 'my_app',","                        npm_package_version: '0.0.1'","                    })","                }","            );","        } else {","            local.assetsDict['/'] = local.assetsDict['/assets.index.template.html']","                .replace((/\\{\\{env\\.(\\w+?)\\}\\}/g), function (match0, match1) {","                    // jslint-hack","                    String(match0);","                    switch (match1) {","                    case 'npm_package_description':","                        return 'the greatest app in the world!';","                    case 'npm_package_name':","                        return 'my-app';","                    case 'npm_package_nameAlias':","                        return 'my_app';","                    case 'npm_package_version':","                        return '0.0.1';","                    }","                });","        }","        // run the cli","        if (local.global.utility2_rollup || module !== require.main) {","            break;","        }","        local.assetsDict['/assets.example.js'] =","            local.assetsDict['/assets.example.js'] ||","            local.fs.readFileSync(__filename, 'utf8');","        // bug-workaround - long $npm_package_buildCustomOrg","        /* jslint-ignore-begin */","        local.assetsDict['/assets.npmtest_mocha_webpack.rollup.js'] =","            local.assetsDict['/assets.npmtest_mocha_webpack.rollup.js'] ||","            local.fs.readFileSync(","                local.npmtest_mocha_webpack.__dirname + '/lib.npmtest_mocha_webpack.js',","                'utf8'","            ).replace((/^#!/), '//');","        /* jslint-ignore-end */","        local.assetsDict['/favicon.ico'] = local.assetsDict['/favicon.ico'] || '';","        // if $npm_config_timeout_exit exists,","        // then exit this process after $npm_config_timeout_exit ms","        if (Number(process.env.npm_config_timeout_exit)) {","            setTimeout(process.exit, Number(process.env.npm_config_timeout_exit));","        }","        // start server","        if (local.global.utility2_serverHttp1) {","            break;","        }","        process.env.PORT = process.env.PORT || '8081';","        console.error('server starting on port ' + process.env.PORT);","        local.http.createServer(function (request, response) {","            request.urlParsed = local.url.parse(request.url);","            if (local.assetsDict[request.urlParsed.pathname] !== undefined) {","                response.end(local.assetsDict[request.urlParsed.pathname]);","                return;","            }","            response.statusCode = 404;","            response.end();","        }).listen(process.env.PORT);","        break;","    }","}());",""],"l":{"26":2,"28":2,"33":2,"35":2,"37":2,"38":2,"39":2,"44":1,"51":2,"55":2,"59":2,"61":2,"69":1,"70":2,"76":2,"79":2,"82":2,"83":2,"85":1,"89":2,"92":1,"93":1,"94":1,"96":1,"97":1,"100":1,"101":1,"103":1,"106":1,"108":2,"114":1,"116":1,"118":1,"123":1,"124":2,"125":2,"126":3,"127":3,"128":3,"129":3,"130":1,"133":3,"134":3,"139":3,"143":1,"144":3,"145":1,"149":1,"150":1,"158":1,"160":1,"161":1,"162":1,"164":1,"166":1,"258":1,"259":1,"271":1,"274":6,"275":6,"277":1,"279":2,"281":1,"283":2,"288":1,"289":1,"291":1,"296":1,"303":1,"306":1,"307":1,"310":1,"311":1,"313":1,"314":1,"315":1,"316":1,"317":1,"318":1,"319":1,"321":1,"322":1,"324":1}},"/home/travis/build/npmtest/node-npmtest-mocha-webpack/node_modules/mocha-webpack/bin/mocha-webpack":{"path":"/home/travis/build/npmtest/node-npmtest-mocha-webpack/node_modules/mocha-webpack/bin/mocha-webpack","s":{"1":1},"b":{},"f":{},"fnMap":{},"statementMap":{"1":{"start":{"line":2,"column":0},"end":{"line":2,"column":22}}},"branchMap":{},"code":["//#!/usr/bin/env node","require('../lib/cli');",""],"l":{"2":1}},"/home/travis/build/npmtest/node-npmtest-mocha-webpack/node_modules/mocha-webpack/lib/cli/index.js":{"path":"/home/travis/build/npmtest/node-npmtest-mocha-webpack/node_modules/mocha-webpack/lib/cli/index.js","s":{"1":1,"2":1,"3":1,"4":1,"5":1,"6":1,"7":1,"8":1,"9":1,"10":1,"11":1,"12":1,"13":1,"14":1,"15":1,"16":6,"17":1,"18":0,"19":0,"20":0,"21":1,"22":1,"23":1,"24":1,"25":1,"26":0,"27":1,"28":1,"29":1,"30":1,"31":1,"32":0,"33":0,"34":0},"b":{"1":[4,2],"2":[6,6],"3":[0,0],"4":[0,0],"5":[1,0],"6":[0,0]},"f":{"1":6,"2":0,"3":0,"4":1},"fnMap":{"1":{"name":"_interopRequireDefault","line":31,"loc":{"start":{"line":31,"column":0},"end":{"line":31,"column":37}}},"2":{"name":"resolve","line":33,"loc":{"start":{"line":33,"column":0},"end":{"line":33,"column":22}}},"3":{"name":"(anonymous_3)","line":45,"loc":{"start":{"line":45,"column":24},"end":{"line":45,"column":39}}},"4":{"name":"(anonymous_4)","line":53,"loc":{"start":{"line":53,"column":39},"end":{"line":53,"column":69}}}},"statementMap":{"1":{"start":{"line":3,"column":0},"end":{"line":3,"column":28}},"2":{"start":{"line":5,"column":0},"end":{"line":5,"column":43}},"3":{"start":{"line":7,"column":0},"end":{"line":7,"column":32}},"4":{"start":{"line":9,"column":0},"end":{"line":9,"column":47}},"5":{"start":{"line":11,"column":0},"end":{"line":11,"column":40}},"6":{"start":{"line":13,"column":0},"end":{"line":13,"column":53}},"7":{"start":{"line":15,"column":0},"end":{"line":15,"column":50}},"8":{"start":{"line":17,"column":0},"end":{"line":17,"column":63}},"9":{"start":{"line":19,"column":0},"end":{"line":19,"column":34}},"10":{"start":{"line":21,"column":0},"end":{"line":21,"column":40}},"11":{"start":{"line":23,"column":0},"end":{"line":23,"column":44}},"12":{"start":{"line":25,"column":0},"end":{"line":25,"column":57}},"13":{"start":{"line":27,"column":0},"end":{"line":27,"column":62}},"14":{"start":{"line":29,"column":0},"end":{"line":29,"column":75}},"15":{"start":{"line":31,"column":0},"end":{"line":31,"column":95}},"16":{"start":{"line":31,"column":39},"end":{"line":31,"column":93}},"17":{"start":{"line":33,"column":0},"end":{"line":37,"column":1}},"18":{"start":{"line":34,"column":2},"end":{"line":34,"column":94}},"19":{"start":{"line":35,"column":2},"end":{"line":35,"column":58}},"20":{"start":{"line":36,"column":2},"end":{"line":36,"column":14}},"21":{"start":{"line":39,"column":0},"end":{"line":39,"column":71}},"22":{"start":{"line":40,"column":0},"end":{"line":40,"column":64}},"23":{"start":{"line":41,"column":0},"end":{"line":41,"column":50}},"24":{"start":{"line":43,"column":0},"end":{"line":43,"column":87}},"25":{"start":{"line":45,"column":0},"end":{"line":47,"column":3}},"26":{"start":{"line":46,"column":2},"end":{"line":46,"column":24}},"27":{"start":{"line":49,"column":0},"end":{"line":49,"column":47}},"28":{"start":{"line":51,"column":0},"end":{"line":51,"column":83}},"29":{"start":{"line":53,"column":0},"end":{"line":61,"column":3}},"30":{"start":{"line":54,"column":2},"end":{"line":60,"column":3}},"31":{"start":{"line":55,"column":4},"end":{"line":55,"column":14}},"32":{"start":{"line":56,"column":9},"end":{"line":60,"column":3}},"33":{"start":{"line":57,"column":4},"end":{"line":57,"column":47}},"34":{"start":{"line":59,"column":4},"end":{"line":59,"column":45}}},"branchMap":{"1":{"line":31,"type":"cond-expr","locations":[{"start":{"line":31,"column":70},"end":{"line":31,"column":73}},{"start":{"line":31,"column":76},"end":{"line":31,"column":92}}]},"2":{"line":31,"type":"binary-expr","locations":[{"start":{"line":31,"column":46},"end":{"line":31,"column":49}},{"start":{"line":31,"column":53},"end":{"line":31,"column":67}}]},"3":{"line":34,"type":"binary-expr","locations":[{"start":{"line":34,"column":17},"end":{"line":34,"column":49}},{"start":{"line":34,"column":53},"end":{"line":34,"column":93}}]},"4":{"line":35,"type":"cond-expr","locations":[{"start":{"line":35,"column":24},"end":{"line":35,"column":51}},{"start":{"line":35,"column":54},"end":{"line":35,"column":57}}]},"5":{"line":54,"type":"if","locations":[{"start":{"line":54,"column":2},"end":{"line":54,"column":2}},{"start":{"line":54,"column":2},"end":{"line":54,"column":2}}]},"6":{"line":56,"type":"if","locations":[{"start":{"line":56,"column":9},"end":{"line":56,"column":9}},{"start":{"line":56,"column":9},"end":{"line":56,"column":9}}]}},"code":["'use strict';","","var _path = require('path');","","var _path2 = _interopRequireDefault(_path);","","var _lodash = require('lodash');","","var _lodash2 = _interopRequireDefault(_lodash);","","var _parseArgv = require('./parseArgv');","","var _parseArgv2 = _interopRequireDefault(_parseArgv);","","var _prepareWebpack = require('./prepareWebpack');","","var _prepareWebpack2 = _interopRequireDefault(_prepareWebpack);","","var _runner = require('./runner');","","var _exists = require('../util/exists');","","var _parseConfig = require('./parseConfig');","","var _parseConfig2 = _interopRequireDefault(_parseConfig);","","var _requireWebpackConfig = require('./requireWebpackConfig');","","var _requireWebpackConfig2 = _interopRequireDefault(_requireWebpackConfig);","","function _interopRequireDefault(obj) { return obj && obj.__esModule ? obj : { default: obj }; }","","function resolve(mod) {","  var absolute = (0, _exists.existsFileSync)(mod) || (0, _exists.existsFileSync)(mod + '.js');","  var file = absolute ? _path2.default.resolve(mod) : mod;","  return file;","}","","var cliOptions = (0, _parseArgv2.default)(process.argv.slice(2), true);","var configOptions = (0, _parseConfig2.default)(cliOptions.opts);","var defaultOptions = (0, _parseArgv2.default)([]);","","var options = _lodash2.default.defaults({}, cliOptions, configOptions, defaultOptions);","","options.require.forEach(function (mod) {","  require(resolve(mod)); // eslint-disable-line global-require","});","","options.include = options.include.map(resolve);","","options.webpackConfig = (0, _requireWebpackConfig2.default)(options.webpackConfig);","","(0, _prepareWebpack2.default)(options, function (err, webpackConfig) {","  if (err) {","    throw err;","  } else if (options.watch) {","    (0, _runner.watch)(options, webpackConfig);","  } else {","    (0, _runner.run)(options, webpackConfig);","  }","});"],"l":{"3":1,"5":1,"7":1,"9":1,"11":1,"13":1,"15":1,"17":1,"19":1,"21":1,"23":1,"25":1,"27":1,"29":1,"31":6,"33":1,"34":0,"35":0,"36":0,"39":1,"40":1,"41":1,"43":1,"45":1,"46":0,"49":1,"51":1,"53":1,"54":1,"55":1,"56":0,"57":0,"59":0}},"/home/travis/build/npmtest/node-npmtest-mocha-webpack/node_modules/mocha-webpack/lib/cli/parseArgv.js":{"path":"/home/travis/build/npmtest/node-npmtest-mocha-webpack/node_modules/mocha-webpack/lib/cli/parseArgv.js","s":{"1":1,"2":1,"3":1,"4":0,"5":1,"6":1,"7":1,"8":1,"9":1,"10":1,"11":1,"12":2,"13":1,"14":1,"15":1,"16":1,"17":1,"18":2,"19":1,"20":1,"21":25,"22":1,"23":25,"24":1,"25":2,"26":2,"27":0,"28":2,"29":2,"30":2,"31":2,"32":2,"33":2,"34":4,"35":0,"36":0,"37":0,"38":2,"39":30,"40":0,"41":0,"42":0,"43":0,"44":0,"45":0,"46":2,"47":2,"48":2,"49":0,"50":0,"51":0,"52":0,"53":0,"54":0,"55":0,"56":2,"57":2,"58":2,"59":2,"60":1,"61":1,"62":1,"63":1,"64":25,"65":64,"66":1,"67":0,"68":1,"69":1,"70":1,"71":1},"b":{"1":[1,0],"2":[1,1],"3":[0,0],"4":[0,0,0,0],"5":[0,2],"6":[2,2],"7":[25,13],"8":[1,1],"9":[2,1],"10":[2,0],"11":[0,4],"12":[0,0],"13":[0,30],"14":[30,30],"15":[0,2],"16":[0,0],"17":[0,0],"18":[0,0],"19":[2,2],"20":[2,2],"21":[1,1],"22":[0,1],"23":[1,0],"24":[0,1]},"f":{"1":1,"2":0,"3":2,"4":2,"5":25,"6":25,"7":2,"8":0,"9":4,"10":30,"11":0,"12":0,"13":0,"14":1,"15":25,"16":64},"fnMap":{"1":{"name":"(anonymous_1)","line":7,"loc":{"start":{"line":7,"column":84},"end":{"line":7,"column":99}}},"2":{"name":"(anonymous_2)","line":7,"loc":{"start":{"line":7,"column":124},"end":{"line":7,"column":139}}},"3":{"name":"_interopRequireDefault","line":21,"loc":{"start":{"line":21,"column":0},"end":{"line":21,"column":37}}},"4":{"name":"paramList","line":196,"loc":{"start":{"line":196,"column":16},"end":{"line":196,"column":41}}},"5":{"name":"(anonymous_5)","line":200,"loc":{"start":{"line":200,"column":103},"end":{"line":200,"column":116}}},"6":{"name":"(anonymous_6)","line":203,"loc":{"start":{"line":203,"column":81},"end":{"line":203,"column":103}}},"7":{"name":"parseArgv","line":207,"loc":{"start":{"line":207,"column":0},"end":{"line":207,"column":25}}},"8":{"name":"(anonymous_8)","line":210,"loc":{"start":{"line":210,"column":91},"end":{"line":210,"column":103}}},"9":{"name":"(anonymous_9)","line":223,"loc":{"start":{"line":223,"column":55},"end":{"line":223,"column":70}}},"10":{"name":"(anonymous_10)","line":232,"loc":{"start":{"line":232,"column":40},"end":{"line":232,"column":62}}},"11":{"name":"(anonymous_11)","line":236,"loc":{"start":{"line":236,"column":7},"end":{"line":236,"column":19}}},"12":{"name":"(anonymous_12)","line":238,"loc":{"start":{"line":238,"column":33},"end":{"line":238,"column":46}}},"13":{"name":"(anonymous_13)","line":253,"loc":{"start":{"line":253,"column":52},"end":{"line":253,"column":67}}},"14":{"name":"(anonymous_14)","line":270,"loc":{"start":{"line":270,"column":16},"end":{"line":270,"column":28}}},"15":{"name":"(anonymous_15)","line":273,"loc":{"start":{"line":273,"column":89},"end":{"line":273,"column":108}}},"16":{"name":"(anonymous_16)","line":274,"loc":{"start":{"line":274,"column":46},"end":{"line":274,"column":63}}}},"statementMap":{"1":{"start":{"line":3,"column":0},"end":{"line":5,"column":3}},"2":{"start":{"line":7,"column":0},"end":{"line":7,"column":269}},"3":{"start":{"line":7,"column":101},"end":{"line":7,"column":119}},"4":{"start":{"line":7,"column":141},"end":{"line":7,"column":266}},"5":{"start":{"line":9,"column":0},"end":{"line":9,"column":28}},"6":{"start":{"line":11,"column":0},"end":{"line":11,"column":30}},"7":{"start":{"line":13,"column":0},"end":{"line":13,"column":45}},"8":{"start":{"line":15,"column":0},"end":{"line":15,"column":32}},"9":{"start":{"line":17,"column":0},"end":{"line":17,"column":47}},"10":{"start":{"line":19,"column":0},"end":{"line":19,"column":45}},"11":{"start":{"line":21,"column":0},"end":{"line":21,"column":95}},"12":{"start":{"line":21,"column":39},"end":{"line":21,"column":93}},"13":{"start":{"line":23,"column":0},"end":{"line":23,"column":35}},"14":{"start":{"line":24,"column":0},"end":{"line":24,"column":37}},"15":{"start":{"line":25,"column":0},"end":{"line":25,"column":41}},"16":{"start":{"line":27,"column":0},"end":{"line":194,"column":2}},"17":{"start":{"line":196,"column":0},"end":{"line":198,"column":2}},"18":{"start":{"line":197,"column":2},"end":{"line":197,"column":87}},"19":{"start":{"line":199,"column":0},"end":{"line":199,"column":36}},"20":{"start":{"line":200,"column":0},"end":{"line":202,"column":5}},"21":{"start":{"line":201,"column":2},"end":{"line":201,"column":48}},"22":{"start":{"line":203,"column":0},"end":{"line":205,"column":4}},"23":{"start":{"line":204,"column":2},"end":{"line":204,"column":95}},"24":{"start":{"line":207,"column":0},"end":{"line":292,"column":1}},"25":{"start":{"line":208,"column":2},"end":{"line":208,"column":97}},"26":{"start":{"line":210,"column":2},"end":{"line":212,"column":49}},"27":{"start":{"line":211,"column":4},"end":{"line":211,"column":28}},"28":{"start":{"line":214,"column":2},"end":{"line":214,"column":27}},"29":{"start":{"line":216,"column":2},"end":{"line":218,"column":3}},"30":{"start":{"line":217,"column":4},"end":{"line":217,"column":23}},"31":{"start":{"line":220,"column":2},"end":{"line":220,"column":68}},"32":{"start":{"line":221,"column":2},"end":{"line":221,"column":90}},"33":{"start":{"line":223,"column":2},"end":{"line":230,"column":5}},"34":{"start":{"line":224,"column":4},"end":{"line":229,"column":5}},"35":{"start":{"line":225,"column":6},"end":{"line":225,"column":36}},"36":{"start":{"line":226,"column":6},"end":{"line":228,"column":7}},"37":{"start":{"line":227,"column":8},"end":{"line":227,"column":36}},"38":{"start":{"line":232,"column":2},"end":{"line":246,"column":5}},"39":{"start":{"line":235,"column":4},"end":{"line":245,"column":5}},"40":{"start":{"line":236,"column":6},"end":{"line":244,"column":11}},"41":{"start":{"line":237,"column":8},"end":{"line":237,"column":50}},"42":{"start":{"line":238,"column":8},"end":{"line":240,"column":21}},"43":{"start":{"line":239,"column":10},"end":{"line":239,"column":38}},"44":{"start":{"line":241,"column":8},"end":{"line":241,"column":51}},"45":{"start":{"line":243,"column":8},"end":{"line":243,"column":150}},"46":{"start":{"line":248,"column":2},"end":{"line":248,"column":29}},"47":{"start":{"line":250,"column":2},"end":{"line":250,"column":27}},"48":{"start":{"line":252,"column":2},"end":{"line":263,"column":3}},"49":{"start":{"line":253,"column":4},"end":{"line":262,"column":7}},"50":{"start":{"line":254,"column":6},"end":{"line":254,"column":29}},"51":{"start":{"line":255,"column":6},"end":{"line":261,"column":7}},"52":{"start":{"line":256,"column":8},"end":{"line":256,"column":58}},"53":{"start":{"line":257,"column":13},"end":{"line":261,"column":7}},"54":{"start":{"line":258,"column":8},"end":{"line":258,"column":37}},"55":{"start":{"line":260,"column":8},"end":{"line":260,"column":37}},"56":{"start":{"line":265,"column":2},"end":{"line":265,"column":49}},"57":{"start":{"line":266,"column":2},"end":{"line":266,"column":52}},"58":{"start":{"line":267,"column":2},"end":{"line":267,"column":52}},"59":{"start":{"line":269,"column":2},"end":{"line":289,"column":3}},"60":{"start":{"line":270,"column":4},"end":{"line":286,"column":8}},"61":{"start":{"line":271,"column":6},"end":{"line":271,"column":56}},"62":{"start":{"line":272,"column":6},"end":{"line":272,"column":60}},"63":{"start":{"line":273,"column":6},"end":{"line":277,"column":10}},"64":{"start":{"line":274,"column":8},"end":{"line":276,"column":11}},"65":{"start":{"line":275,"column":10},"end":{"line":275,"column":52}},"66":{"start":{"line":279,"column":6},"end":{"line":281,"column":7}},"67":{"start":{"line":280,"column":8},"end":{"line":280,"column":34}},"68":{"start":{"line":283,"column":6},"end":{"line":285,"column":8}},"69":{"start":{"line":288,"column":4},"end":{"line":288,"column":99}},"70":{"start":{"line":288,"column":84},"end":{"line":288,"column":99}},"71":{"start":{"line":291,"column":2},"end":{"line":291,"column":22}}},"branchMap":{"1":{"line":7,"type":"cond-expr","locations":[{"start":{"line":7,"column":84},"end":{"line":7,"column":121}},{"start":{"line":7,"column":124},"end":{"line":7,"column":268}}]},"2":{"line":7,"type":"binary-expr","locations":[{"start":{"line":7,"column":14},"end":{"line":7,"column":42}},{"start":{"line":7,"column":46},"end":{"line":7,"column":81}}]},"3":{"line":7,"type":"cond-expr","locations":[{"start":{"line":7,"column":244},"end":{"line":7,"column":252}},{"start":{"line":7,"column":255},"end":{"line":7,"column":265}}]},"4":{"line":7,"type":"binary-expr","locations":[{"start":{"line":7,"column":148},"end":{"line":7,"column":151}},{"start":{"line":7,"column":155},"end":{"line":7,"column":183}},{"start":{"line":7,"column":187},"end":{"line":7,"column":213}},{"start":{"line":7,"column":217},"end":{"line":7,"column":241}}]},"5":{"line":21,"type":"cond-expr","locations":[{"start":{"line":21,"column":70},"end":{"line":21,"column":73}},{"start":{"line":21,"column":76},"end":{"line":21,"column":92}}]},"6":{"line":21,"type":"binary-expr","locations":[{"start":{"line":21,"column":46},"end":{"line":21,"column":49}},{"start":{"line":21,"column":53},"end":{"line":21,"column":67}}]},"7":{"line":201,"type":"binary-expr","locations":[{"start":{"line":201,"column":9},"end":{"line":201,"column":24}},{"start":{"line":201,"column":28},"end":{"line":201,"column":47}}]},"8":{"line":208,"type":"cond-expr","locations":[{"start":{"line":208,"column":76},"end":{"line":208,"column":88}},{"start":{"line":208,"column":91},"end":{"line":208,"column":96}}]},"9":{"line":208,"type":"binary-expr","locations":[{"start":{"line":208,"column":23},"end":{"line":208,"column":43}},{"start":{"line":208,"column":47},"end":{"line":208,"column":73}}]},"10":{"line":216,"type":"if","locations":[{"start":{"line":216,"column":2},"end":{"line":216,"column":2}},{"start":{"line":216,"column":2},"end":{"line":216,"column":2}}]},"11":{"line":224,"type":"if","locations":[{"start":{"line":224,"column":4},"end":{"line":224,"column":4}},{"start":{"line":224,"column":4},"end":{"line":224,"column":4}}]},"12":{"line":226,"type":"if","locations":[{"start":{"line":226,"column":6},"end":{"line":226,"column":6}},{"start":{"line":226,"column":6},"end":{"line":226,"column":6}}]},"13":{"line":235,"type":"if","locations":[{"start":{"line":235,"column":4},"end":{"line":235,"column":4}},{"start":{"line":235,"column":4},"end":{"line":235,"column":4}}]},"14":{"line":235,"type":"binary-expr","locations":[{"start":{"line":235,"column":8},"end":{"line":235,"column":54}},{"start":{"line":235,"column":58},"end":{"line":235,"column":89}}]},"15":{"line":252,"type":"if","locations":[{"start":{"line":252,"column":2},"end":{"line":252,"column":2}},{"start":{"line":252,"column":2},"end":{"line":252,"column":2}}]},"16":{"line":255,"type":"if","locations":[{"start":{"line":255,"column":6},"end":{"line":255,"column":6}},{"start":{"line":255,"column":6},"end":{"line":255,"column":6}}]},"17":{"line":255,"type":"binary-expr","locations":[{"start":{"line":255,"column":10},"end":{"line":255,"column":22}},{"start":{"line":255,"column":26},"end":{"line":255,"column":40}}]},"18":{"line":257,"type":"if","locations":[{"start":{"line":257,"column":13},"end":{"line":257,"column":13}},{"start":{"line":257,"column":13},"end":{"line":257,"column":13}}]},"19":{"line":266,"type":"binary-expr","locations":[{"start":{"line":266,"column":25},"end":{"line":266,"column":45}},{"start":{"line":266,"column":49},"end":{"line":266,"column":51}}]},"20":{"line":267,"type":"binary-expr","locations":[{"start":{"line":267,"column":25},"end":{"line":267,"column":45}},{"start":{"line":267,"column":49},"end":{"line":267,"column":51}}]},"21":{"line":269,"type":"if","locations":[{"start":{"line":269,"column":2},"end":{"line":269,"column":2}},{"start":{"line":269,"column":2},"end":{"line":269,"column":2}}]},"22":{"line":279,"type":"if","locations":[{"start":{"line":279,"column":6},"end":{"line":279,"column":6}},{"start":{"line":279,"column":6},"end":{"line":279,"column":6}}]},"23":{"line":288,"type":"if","locations":[{"start":{"line":288,"column":4},"end":{"line":288,"column":4}},{"start":{"line":288,"column":4},"end":{"line":288,"column":4}}]},"24":{"line":288,"type":"cond-expr","locations":[{"start":{"line":288,"column":40},"end":{"line":288,"column":51}},{"start":{"line":288,"column":54},"end":{"line":288,"column":68}}]}},"code":["'use strict';","","Object.defineProperty(exports, \"__esModule\", {","  value: true","});","","var _typeof = typeof Symbol === \"function\" && typeof Symbol.iterator === \"symbol\" ? function (obj) { return typeof obj; } : function (obj) { return obj && typeof Symbol === \"function\" && obj.constructor === Symbol && obj !== Symbol.prototype ? \"symbol\" : typeof obj; };","","exports.default = parseArgv;","","var _yargs = require('yargs');","","var _yargs2 = _interopRequireDefault(_yargs);","","var _lodash = require('lodash');","","var _lodash2 = _interopRequireDefault(_lodash);","","var _package = require('../../package.json');","","function _interopRequireDefault(obj) { return obj && obj.__esModule ? obj : { default: obj }; }","","var BASIC_GROUP = 'Basic options:';","var OUTPUT_GROUP = 'Output options:';","var ADVANCED_GROUP = 'Advanced options:';","","var options = {","  'async-only': {","    alias: 'A',","    type: 'boolean',","    describe: 'force all tests to take a callback (async) or return a promise',","    group: ADVANCED_GROUP","  },","  colors: {","    alias: 'c',","    type: 'boolean',","    default: undefined,","    describe: 'force enabling of colors',","    group: OUTPUT_GROUP","  },","  growl: {","    alias: 'G',","    type: 'boolean',","    describe: 'enable growl notification support',","    group: OUTPUT_GROUP","  },","  recursive: {","    type: 'boolean',","    describe: 'include sub directories',","    group: ADVANCED_GROUP","  },","  'reporter-options': {","    alias: 'O',","    type: 'string',","    describe: 'reporter-specific options, --reporter-options <k=v,k2=v2,...>',","    group: OUTPUT_GROUP,","    requiresArg: true","  },","  reporter: {","    alias: 'R',","    type: 'string',","    describe: 'specify the reporter to use',","    group: OUTPUT_GROUP,","    default: 'spec',","    requiresArg: true","  },","  bail: {","    alias: 'b',","    type: 'boolean',","    describe: 'bail after first test failure',","    group: ADVANCED_GROUP,","    default: false","  },","  glob: {","    type: 'string',","    describe: 'only run files matching <pattern> (only valid for directory entry)',","    group: ADVANCED_GROUP,","    requiresArg: true","  },","  grep: {","    alias: 'g',","    type: 'string',","    describe: 'only run tests matching <pattern>',","    group: ADVANCED_GROUP,","    requiresArg: true","  },","  fgrep: {","    alias: 'f',","    type: 'string',","    describe: 'only run tests containing <string>',","    group: ADVANCED_GROUP,","    requiresArg: true","  },","  invert: {","    alias: 'i',","    type: 'boolean',","    describe: 'inverts --grep and --fgrep matches',","    group: ADVANCED_GROUP,","    default: false","  },","  require: {","    alias: 'r',","    type: 'string',","    describe: 'require the given module',","    group: ADVANCED_GROUP,","    requiresArg: true,","    multiple: true","  },","  include: {","    type: 'string',","    describe: 'include the given module into test bundle',","    group: ADVANCED_GROUP,","    requiresArg: true,","    multiple: true","  },","  slow: {","    alias: 's',","    describe: '\"slow\" test threshold in milliseconds',","    group: ADVANCED_GROUP,","    default: 75,","    defaultDescription: '75 ms',","    requiresArg: true","  },","  timeout: {","    alias: 't',","    describe: 'set test-case timeout in milliseconds',","    group: ADVANCED_GROUP,","    default: 2000,","    defaultDescription: '2000 ms',","    requiresArg: true","  },","  ui: {","    alias: 'u',","    describe: 'specify user-interface',","    choices: ['bdd', 'tdd', 'exports', 'qunit'],","    group: BASIC_GROUP,","    default: 'bdd',","    requiresArg: true","  },","  watch: {","    alias: 'w',","    type: 'boolean',","    describe: 'watch files for changes',","    group: BASIC_GROUP,","    default: false","  },","  'check-leaks': {","    type: 'boolean',","    describe: 'check for global variable leaks',","    group: ADVANCED_GROUP,","    default: false","  },","  'full-trace': {","    type: 'boolean',","    describe: 'display the full stack trace',","    group: ADVANCED_GROUP,","    default: false","  },","  'inline-diffs': {","    type: 'boolean',","    describe: 'display actual/expected differences inline within each string',","    group: ADVANCED_GROUP,","    default: false","  },","  exit: {","    type: 'boolean',","    describe: 'require a clean shutdown of the event loop: mocha will not call process.exit',","    group: ADVANCED_GROUP,","    default: false","  },","  retries: {","    describe: 'set numbers of time to retry a failed test case',","    group: BASIC_GROUP,","    requiresArg: true","  },","  delay: {","    type: 'boolean',","    describe: 'wait for async suite definition',","    group: ADVANCED_GROUP,","    default: false","  },","  'webpack-config': {","    type: 'string',","    describe: 'path to webpack-config file',","    group: BASIC_GROUP,","    requiresArg: true","  },","  opts: {","    type: 'string',","    describe: 'path to webpack-mocha options file',","    group: BASIC_GROUP,","    requiresArg: true","  }","};","","var paramList = function paramList(opts) {","  return _lodash2.default.map(_lodash2.default.keys(opts), _lodash2.default.camelCase);","};","var parameters = paramList(options); // camel case parameters","var parametersWithMultipleArgs = paramList(_lodash2.default.pickBy(_lodash2.default.mapValues(options, function (v) {","  return !!v.requiresArg && v.multiple === true;","}))); // eslint-disable-line max-len","var groupedAliases = _lodash2.default.values(_lodash2.default.mapValues(options, function (value, key) {","  return [_lodash2.default.camelCase(key), key, value.alias].filter(_lodash2.default.identity);","})); // eslint-disable-line max-len","","function parseArgv(argv) {","  var ignoreDefaults = arguments.length > 1 && arguments[1] !== undefined ? arguments[1] : false;","","  var parsedArgs = (0, _yargs2.default)(argv).help('help').alias('help', 'h', '?').version(function () {","    return _package.version;","  }).demand(0, 1).options(options).strict().argv;","","  var files = parsedArgs._;","","  if (!files.length) {","    files = ['./test'];","  }","","  var parsedOptions = _lodash2.default.pick(parsedArgs, parameters); // pick all parameters as new object","  var validOptions = _lodash2.default.omitBy(parsedOptions, _lodash2.default.isUndefined); // remove all undefined values","","  _lodash2.default.forEach(parametersWithMultipleArgs, function (key) {","    if (_lodash2.default.has(validOptions, key)) {","      var value = validOptions[key];","      if (!Array.isArray(value)) {","        validOptions[key] = [value];","      }","    }","  });","","  _lodash2.default.forOwn(validOptions, function (value, key) {","    // validate all non-array options with required arg that it is not duplicated","    // see https://github.com/yargs/yargs/issues/229","    if (parametersWithMultipleArgs.indexOf(key) === -1 && _lodash2.default.isArray(value)) {","      (function () {","        var arg = _lodash2.default.kebabCase(key);","        var provided = value.map(function (v) {","          return '--' + arg + ' ' + v;","        }).join(' ');","        var expected = '--' + arg + ' ' + value[0];","","        throw new Error('Duplicating arguments for \"--' + arg + '\" is not allowed. \"' + provided + '\" was provided, but expected \"' + expected + '\"'); // eslint-disable-line max-len","      })();","    }","  });","","  validOptions.files = files;","","  var reporterOptions = {};","","  if (validOptions.reporterOptions) {","    validOptions.reporterOptions.split(',').forEach(function (opt) {","      var L = opt.split('=');","      if (L.length > 2 || L.length === 0) {","        throw new Error('invalid reporter option ' + opt);","      } else if (L.length === 2) {","        reporterOptions[L[0]] = L[1];","      } else {","        reporterOptions[L[0]] = true;","      }","    });","  }","","  validOptions.reporterOptions = reporterOptions;","  validOptions.require = validOptions.require || [];","  validOptions.include = validOptions.include || [];","","  if (ignoreDefaults) {","    var _ret2 = function () {","      var userOptions = (0, _yargs2.default)(argv).argv;","      var providedKeys = _lodash2.default.keys(userOptions);","      var usedAliases = _lodash2.default.flatten(_lodash2.default.filter(groupedAliases, function (aliases) {","        return _lodash2.default.some(aliases, function (alias) {","          return providedKeys.indexOf(alias) !== -1;","        });","      }));","","      if (parsedArgs._.length) {","        usedAliases.push('files');","      }","","      return {","        v: _lodash2.default.pick(validOptions, usedAliases)","      };","    }();","","    if ((typeof _ret2 === 'undefined' ? 'undefined' : _typeof(_ret2)) === \"object\") return _ret2.v;","  }","","  return validOptions;","}"],"l":{"3":1,"7":1,"9":1,"11":1,"13":1,"15":1,"17":1,"19":1,"21":2,"23":1,"24":1,"25":1,"27":1,"196":1,"197":2,"199":1,"200":1,"201":25,"203":1,"204":25,"207":1,"208":2,"210":2,"211":0,"214":2,"216":2,"217":2,"220":2,"221":2,"223":2,"224":4,"225":0,"226":0,"227":0,"232":2,"235":30,"236":0,"237":0,"238":0,"239":0,"241":0,"243":0,"248":2,"250":2,"252":2,"253":0,"254":0,"255":0,"256":0,"257":0,"258":0,"260":0,"265":2,"266":2,"267":2,"269":2,"270":1,"271":1,"272":1,"273":1,"274":25,"275":64,"279":1,"280":0,"283":1,"288":1,"291":1}},"/home/travis/build/npmtest/node-npmtest-mocha-webpack/node_modules/mocha-webpack/lib/cli/prepareWebpack.js":{"path":"/home/travis/build/npmtest/node-npmtest-mocha-webpack/node_modules/mocha-webpack/lib/cli/prepareWebpack.js","s":{"1":1,"2":1,"3":1,"4":0,"5":0,"6":0,"7":0,"8":0,"9":0,"10":0,"11":0,"12":0,"13":0,"14":0,"15":0,"16":0,"17":0,"18":0,"19":0,"20":0,"21":1,"22":1,"23":1,"24":0,"25":0,"26":0,"27":1,"28":1,"29":1,"30":1,"31":1,"32":1,"33":1,"34":1,"35":1,"36":1,"37":1,"38":1,"39":1,"40":1,"41":1,"42":1,"43":1,"44":1,"45":1,"46":1,"47":1,"48":1,"49":1,"50":1,"51":1,"52":11,"53":1,"54":1,"55":1,"56":1,"57":0,"58":0,"59":0,"60":0,"61":0,"62":0,"63":0,"64":0,"65":0,"66":0,"67":0,"68":0,"69":0,"70":0,"71":1,"72":0,"73":0,"74":0,"75":0,"76":0,"77":0,"78":0,"79":0,"80":0,"81":0,"82":0,"83":0,"84":0,"85":0,"86":0,"87":1,"88":1,"89":1,"90":1,"91":1,"92":1,"93":1,"94":0,"95":0,"96":0,"97":0,"98":0,"99":0,"100":0,"101":0,"102":0,"103":0,"104":0,"105":0,"106":0,"107":0,"108":0,"109":0,"110":0,"111":0,"112":0,"113":0,"114":0,"115":1,"116":0,"117":0,"118":0,"119":0,"120":0,"121":0,"122":1,"123":1},"b":{"1":[0,0],"2":[0,0],"3":[0,0],"4":[0,0],"5":[0,0],"6":[1,0],"7":[0,0],"8":[2,9],"9":[11,11],"10":[0,0],"11":[0,0],"12":[0,0],"13":[0,0],"14":[0,0],"15":[0,0],"16":[0,0],"17":[0,0],"18":[0,0],"19":[0,0],"20":[0,0],"21":[0,1],"22":[1,1],"23
[...]
  return value.replace(/%20/g, ' ');","  });","  var defaultOptions = (0, _parseArgv2.default)(argv, true);","  return defaultOptions;","}"],"l":{"3":1,"6":1,"8":1,"10":1,"12":1,"14":1,"16":1,"18":2,"20":1,"22":1,"23":1,"24":0,"27":1,"30":1,"31":1,"33":1,"34":1,"37":0,"38":0,"40":0,"41":0}},"/home/travis/build/npmtest/node-npmtest-mocha-webpack/node_modules/mocha-webpack/lib/cli/requireWebpackConfig.js":{"path":"/home/travis/build/npmtest/node-npmtest-mocha-webpack/node_modules/mocha-webpack/lib/cli/requireWebpackConfig.js","s":{"1":1,"2":1,"3":1,"4":1,"5":1,"6":1,"7":1,"8":1,"9":1,"10":3,"11":1,"12":69,"13":2,"14":67,"15":3,"16":64,"17":1,"18":1,"19":0,"20":0,"21":0,"22":1,"23":0,"24":0,"25":0,"26":0,"27":0,"28":1,"29":0,"30":0,"31":0,"32":0,"33":0,"34":1,"35":0,"36":0,"37":0,"38":0,"39":0,"40":0,"41":0,"42":0,"43":0,"44":0,"45":0,"46":1,"47":1,"48":1,"49":0,"50":0,"51":0,"52":0,"53":0,"54":0,"55":0,"56":0,"57":0,"58":0,"59":0,"60":0,"61":0,"62":0},"b":{"1":[0,3],"2":[3,3],"3":[2,67],"4":[3,64],"5":[0,0],"6":[0,0],"7":[0,0],"8":[0,0],"9":[0,0],"10":[1,0],"11":[0,0],"12":[0,0],"13":[0,0],"14":[0,0]},"f":{"1":3,"2":69,"3":0,"4":0,"5":0,"6":0,"7":1},"fnMap":{"1":{"name":"_interopRequireDefault","line":20,"loc":{"start":{"line":20,"column":0},"end":{"line":20,"column":37}}},"2":{"name":"sortExtensions","line":22,"loc":{"start":{"line":22,"column":0},"end":{"line":22,"column":36}}},"3":{"name":"fileExists","line":34,"loc":{"start":{"line":34,"column":0},"end":{"line":34,"column":30}}},"4":{"name":"findConfigFile","line":42,"loc":{"start":{"line":42,"column":0},"end":{"line":42,"column":43}}},"5":{"name":"getConfigExtension","line":52,"loc":{"start":{"line":52,"column":0},"end":{"line":52,"column":40}}},"6":{"name":"registerCompiler","line":62,"loc":{"start":{"line":62,"column":0},"end":{"line":62,"column":44}}},"7":{"name":"requireWebpackConfig","line":84,"loc":{"start":{"line":84,"column":0},"end":{"line":84,"column":45}}}},"statementMap":{"1":{"start":{"line":3,"column":0},"end":{"line":5,"column":3}},"2":{"start":{"line":6,"column":0},"end":{"line":6,"column":39}},"3":{"start":{"line":8,"column":0},"end":{"line":8,"column":28}},"4":{"start":{"line":10,"column":0},"end":{"line":10,"column":43}},"5":{"start":{"line":12,"column":0},"end":{"line":12,"column":24}},"6":{"start":{"line":14,"column":0},"end":{"line":14,"column":39}},"7":{"start":{"line":16,"column":0},"end":{"line":16,"column":38}},"8":{"start":{"line":18,"column":0},"end":{"line":18,"column":53}},"9":{"start":{"line":20,"column":0},"end":{"line":20,"column":95}},"10":{"start":{"line":20,"column":39},"end":{"line":20,"column":93}},"11":{"start":{"line":22,"column":0},"end":{"line":30,"column":1}},"12":{"start":{"line":23,"column":2},"end":{"line":25,"column":3}},"13":{"start":{"line":24,"column":4},"end":{"line":24,"column":14}},"14":{"start":{"line":26,"column":2},"end":{"line":28,"column":3}},"15":{"start":{"line":27,"column":4},"end":{"line":27,"column":13}},"16":{"start":{"line":29,"column":2},"end":{"line":29,"column":35}},"17":{"start":{"line":32,"column":0},"end":{"line":32,"column":82}},"18":{"start":{"line":34,"column":0},"end":{"line":40,"column":1}},"19":{"start":{"line":35,"column":2},"end":{"line":39,"column":3}},"20":{"start":{"line":36,"column":4},"end":{"line":36,"column":53}},"21":{"start":{"line":38,"column":4},"end":{"line":38,"column":17}},"22":{"start":{"line":42,"column":0},"end":{"line":50,"column":1}},"23":{"start":{"line":43,"column":2},"end":{"line":48,"column":3}},"24":{"start":{"line":44,"column":4},"end":{"line":44,"column":82}},"25":{"start":{"line":45,"column":4},"end":{"line":47,"column":5}},"26":{"start":{"line":46,"column":6},"end":{"line":46,"column":22}},"27":{"start":{"line":49,"column":2},"end":{"line":49,"column":14}},"28":{"start":{"line":52,"column":0},"end":{"line":60,"column":1}},"29":{"start":{"line":53,"column":2},"end":{"line":58,"column":3}},"30":{"start":{"line":54,"column":4},"end":{"line":54,"column":34}},"31":{"start":{"line":55,"column":4},"end":{"line":57,"column":5}},"32":{"start":{"line":56,"column":6},"end":{"line":56,"column":23}},"33":{"start":{"line":59,"column":2},"end":{"line":59,"column":44}},"34":{"start":{"line":62,"column":0},"end":{"line":82,"column":1}},"35":{"start":{"line":63,"column":2},"end":{"line":65,"column":3}},"36":{"start":{"line":64,"column":4},"end":{"line":64,"column":11}},"37":{"start":{"line":67,"column":2},"end":{"line":81,"column":3}},"38":{"start":{"line":68,"column":4},"end":{"line":68,"column":30}},"39":{"start":{"line":69,"column":9},"end":{"line":81,"column":3}},"40":{"start":{"line":70,"column":4},"end":{"line":70,"column":50}},"41":{"start":{"line":71,"column":4},"end":{"line":71,"column":38}},"42":{"start":{"line":73,"column":4},"end":{"line":80,"column":5}},"43":{"start":{"line":74,"column":6},"end":{"line":79,"column":7}},"44":{"start":{"line":75,"column":8},"end":{"line":75,"column":46}},"45":{"start":{"line":76,"column":8},"end":{"line":76,"column":14}},"46":{"start":{"line":84,"column":0},"end":{"line":112,"column":1}},"47":{"start":{"line":85,"column":2},"end":{"line":87,"column":3}},"48":{"start":{"line":86,"column":4},"end":{"line":86,"column":14}},"49":{"start":{"line":89,"column":2},"end":{"line":89,"column":57}},"50":{"start":{"line":90,"column":2},"end":{"line":90,"column":55}},"51":{"start":{"line":92,"column":2},"end":{"line":106,"column":3}},"52":{"start":{"line":93,"column":4},"end":{"line":95,"column":5}},"53":{"start":{"line":94,"column":6},"end":{"line":94,"column":16}},"54":{"start":{"line":97,"column":4},"end":{"line":97,"column":59}},"55":{"start":{"line":98,"column":4},"end":{"line":98,"column":78}},"56":{"start":{"line":100,"column":4},"end":{"line":100,"column":63}},"57":{"start":{"line":101,"column":4},"end":{"line":103,"column":5}},"58":{"start":{"line":102,"column":6},"end":{"line":102,"column":16}},"59":{"start":{"line":105,"column":4},"end":{"line":105,"column":53}},"60":{"start":{"line":108,"column":2},"end":{"line":108,"column":68}},"61":{"start":{"line":109,"column":2},"end":{"line":109,"column":35}},"62":{"start":{"line":111,"column":2},"end":{"line":111,"column":34}}},"branchMap":{"1":{"line":20,"type":"cond-expr","locations":[{"start":{"line":20,"column":70},"end":{"line":20,"column":73}},{"start":{"line":20,"column":76},"end":{"line":20,"column":92}}]},"2":{"line":20,"type":"binary-expr","locations":[{"start":{"line":20,"column":46},"end":{"line":20,"column":49}},{"start":{"line":20,"column":53},"end":{"line":20,"column":67}}]},"3":{"line":23,"type":"if","locations":[{"start":{"line":23,"column":2},"end":{"line":23,"column":2}},{"start":{"line":23,"column":2},"end":{"line":23,"column":2}}]},"4":{"line":26,"type":"if","locations":[{"start":{"line":26,"column":2},"end":{"line":26,"column":2}},{"start":{"line":26,"column":2},"end":{"line":26,"column":2}}]},"5":{"line":45,"type":"if","locations":[{"start":{"line":45,"column":4},"end":{"line":45,"column":4}},{"start":{"line":45,"column":4},"end":{"line":45,"column":4}}]},"6":{"line":55,"type":"if","locations":[{"start":{"line":55,"column":4},"end":{"line":55,"column":4}},{"start":{"line":55,"column":4},"end":{"line":55,"column":4}}]},"7":{"line":63,"type":"if","locations":[{"start":{"line":63,"column":2},"end":{"line":63,"column":2}},{"start":{"line":63,"column":2},"end":{"line":63,"column":2}}]},"8":{"line":67,"type":"if","locations":[{"start":{"line":67,"column":2},"end":{"line":67,"column":2}},{"start":{"line":67,"column":2},"end":{"line":67,"column":2}}]},"9":{"line":69,"type":"if","locations":[{"start":{"line":69,"column":9},"end":{"line":69,"column":9}},{"start":{"line":69,"column":9},"end":{"line":69,"column":9}}]},"10":{"line":85,"type":"if","locations":[{"start":{"line":85,"column":2},"end":{"line":85,"column":2}},{"start":{"line":85,"column":2},"end":{"line":85,"column":2}}]},"11":{"line":92,"type":"if","locations":[{"start":{"line":92,"column":2},"end":{"line":92,"column":2}},{"start":{"line":92,"column":2},"end":{"line":92,"column":2}}]},"12":{"line":93,"type":"if","locations":[{"start":{"line":93,"column":4},"end":{"line":93,"column":4}},{"start":{"line":93,"column":4},"end":{"line":93,"column":4}}]},"13":{"line":101,"type":"if","locations":[{"start":{"line":101,"column":4},"end":{"line":101,"column":4}},{"start":{"line":101,"column":4},"end":{"line":101,"column":4}}]},"14":{"line":111,"type":"binary-expr","locations":[{"start":{"line":111,"column":9},"end":{"line":111,"column":23}},{"start":{"line":111,"column":27},"end":{"line":111,"column":33}}]}},"code":["'use strict';","","Object.defineProperty(exports, \"__esModule\", {","  value: true","});","exports.default = requireWebpackConfig;","","var _path = require('path');","","var _path2 = _interopRequireDefault(_path);","","var _fs = require('fs');","","var _fs2 = _interopRequireDefault(_fs);","","var _interpret = require('interpret');","","var _interpret2 = _interopRequireDefault(_interpret);","","function _interopRequireDefault(obj) { return obj && obj.__esModule ? obj : { default: obj }; }","","function sortExtensions(ext1, ext2) {","  if (ext1 === '.js') {","    return -1;","  }","  if (ext2 === '.js') {","    return 1;","  }","  return ext1.length - ext2.length;","}","","var extensions = Object.keys(_interpret2.default.extensions).sort(sortExtensions);","","function fileExists(filePath) {","  try {","    return _fs2.default.lstatSync(filePath).isFile();","  } catch (e) {","    return false;","  }","}","","function findConfigFile(dirPath, baseName) {","  for (var i = 0; i < extensions.length; i++) {","    var filePath = _path2.default.resolve(dirPath, '' + baseName + extensions[i]);","    if (fileExists(filePath)) {","      return filePath;","    }","  }","  return null;","}","","function getConfigExtension(configPath) {","  for (var i = extensions.length - 1; i >= 0; i--) {","    var extension = extensions[i];","    if (configPath.indexOf(extension, configPath.length - extension.length) > -1) {","      return extension;","    }","  }","  return _path2.default.extname(configPath);","}","","function registerCompiler(moduleDescriptor) {","  if (!moduleDescriptor) {","    return;","  }","","  if (typeof moduleDescriptor === 'string') {","    require(moduleDescriptor); // eslint-disable-line global-require","  } else if (!Array.isArray(moduleDescriptor)) {","    var module = require(moduleDescriptor.module); // eslint-disable-line global-require","    moduleDescriptor.register(module);","  } else {","    for (var i = 0; i < moduleDescriptor.length; i++) {","      try {","        registerCompiler(moduleDescriptor[i]);","        break;","      } catch (e) {","        // do nothing","      }","    }","  }","}","","function requireWebpackConfig(webpackConfig) {","  if (!webpackConfig) {","    return {};","  }","","  var configPath = _path2.default.resolve(webpackConfig);","  var configExtension = getConfigExtension(configPath);","","  if (!fileExists(configPath)) {","    if (configExtension !== '.js') {","      return {};","    }","","    var configDirPath = _path2.default.dirname(configPath);","    var configBaseName = _path2.default.basename(configPath, configExtension);","","    configPath = findConfigFile(configDirPath, configBaseName);","    if (configPath === null) {","      return {};","    }","","    configExtension = getConfigExtension(configPath);","  }","","  registerCompiler(_interpret2.default.extensions[configExtension]);","  var config = require(configPath); // eslint-disable-line global-require","","  return config.default || config;","}"],"l":{"3":1,"6":1,"8":1,"10":1,"12":1,"14":1,"16":1,"18":1,"20":3,"22":1,"23":69,"24":2,"26":67,"27":3,"29":64,"32":1,"34":1,"35":0,"36":0,"38":0,"42":1,"43":0,"44":0,"45":0,"46":0,"49":0,"52":1,"53":0,"54":0,"55":0,"56":0,"59":0,"62":1,"63":0,"64":0,"67":0,"68":0,"69":0,"70":0,"71":0,"73":0,"74":0,"75":0,"76":0,"84":1,"85":1,"86":1,"89":0,"90":0,"92":0,"93":0,"94":0,"97":0,"98":0,"100":0,"101":0,"102":0,"105":0,"108":0,"109":0,"111":0}},"/home/travis/build/npmtest/node-npmtest-mocha-webpack/node_modules/mocha-webpack/lib/utils.js":{"path":"/home/travis/build/npmtest/node-npmtest-mocha-webpack/node_modules/mocha-webpack/lib/utils.js","s":{"1":1},"b":{},"f":{},"fnMap":{},"statementMap":{"1":{"start":{"line":6,"column":0},"end":{"line":6,"column":44}}},"branchMap":{},"code":["/*"," * Workaround for mocha-intellij"," * mochaIntellijUtil.js looks for this file in requireMochaModule"," */","","module.exports = require('mocha/lib/utils');",""],"l":{"6":1}},"/home/travis/build/npmtest/node-npmtest-mocha-webpack/node_modules/mocha-webpack/lib/reporters/base.js":{"path":"/home/travis/build/npmtest/node-npmtest-mocha-webpack/node_modules/mocha-webpack/lib/reporters/base.js","s":{"1":1},"b":{},"f":{},"fnMap":{},"statementMap":{"1":{"start":{"line":6,"column":0},"end":{"line":6,"column":53}}},"branchMap":{},"code":["/*"," * Workaround for mocha-intellij"," * mochaIntellijUtil.js looks for this file in requireMochaModule"," */","","module.exports = require('mocha/lib/reporters/base');",""],"l":{"6":1}},"/home/travis/build/npmtest/node-npmtest-mocha-webpack/node_modules/mocha-webpack/lib/webpack/includeFilesLoader.js":{"path":"/home/travis/build/npmtest/node-npmtest-mocha-webpack/node_modules/mocha-webpack/lib/webpack/includeFilesLoader.js","s":{"1":1,"2":1,"3":1,"4":1,"5":1,"6":1,"7":1,"8":1,"9":1,"10":4,"11":1,"12":1,"13":0,"14":0,"15":0,"16":0,"17":0,"18":0,"19":0,"20":0,"21":0,"22":0,"23":0,"24":0,"25":0,"26":0,"27":0,"28":0,"29":0,"30":0,"31":0,"32":0,"33":0,"34":0},"b":{"1":[0,4],"2":[4,4],"3":[0,0],"4":[0,0],"5":[0,0],"6":[0,0],"7":[0,0]},"f":{"1":4,"2":0,"3":0},"fnMap":{"1":{"name":"_interopRequireDefault","line":19,"loc":{"start":{"line":19,"column":0},"end":{"line":19,"column":37}}},"2":{"name":"includeFilesLoader","line":24,"loc":{"start":{"line":24,"column":17},"end":{"line":24,"column":68}}},"3":{"name":"(anonymous_3)","line":46,"loc":{"start":{"line":46,"column":45},"end":{"line":46,"column":64}}}},"statementMap":{"1":{"start":{"line":3,"column":0},"end":{"line":3,"column":66}},"2":{"start":{"line":5,"column":0},"end":{"line":5,"column":61}},"3":{"start":{"line":7,"column":0},"end":{"line":7,"column":70}},"4":{"start":{"line":9,"column":0},"end":{"line":9,"column":65}},"5":{"start":{"line":11,"column":0},"end":{"line":11,"column":68}},"6":{"start":{"line":13,"column":0},"end":{"line":13,"column":63}},"7":{"start":{"line":15,"column":0},"end":{"line":15,"column":43}},"8":{"start":{"line":17,"column":0},"end":{"line":17,"column":57}},"9":{"start":{"line":19,"column":0},"end":{"line":19,"column":95}},"10":{"start":{"line":19,"column":39},"end":{"line":19,"column":93}},"11":{"start":{"line":21,"column":0},"end":{"line":21,"column":48}},"12":{"start":{"line":24,"column":0},"end":{"line":64,"column":2}},"13":{"start":{"line":25,"column":2},"end":{"line":25,"column":19}},"14":{"start":{"line":27,"column":2},"end":{"line":27,"column":19}},"15":{"start":{"line":29,"column":2},"end":{"line":29,"column":67}},"16":{"start":{"line":31,"column":2},"end":{"line":61,"column":3}},"17":{"start":{"line":32,"column":4},"end":{"line":32,"column":24}},"18":{"start":{"line":33,"column":4},"end":{"line":33,"column":49}},"19":{"start":{"line":35,"column":4},"end":{"line":37,"column":5}},"20":{"start":{"line":36,"column":6},"end":{"line":36,"column":50}},"21":{"start":{"line":39,"column":4},"end":{"line":39,"column":221}},"22":{"start":{"line":41,"column":4},"end":{"line":41,"column":43}},"23":{"start":{"line":42,"column":4},"end":{"line":42,"column":37}},"24":{"start":{"line":44,"column":4},"end":{"line":44,"column":55}},"25":{"start":{"line":46,"column":4},"end":{"line":48,"column":18}},"26":{"start":{"line":47,"column":6},"end":{"line":47,"column":88}},"27":{"start":{"line":50,"column":4},"end":{"line":50,"column":48}},"28":{"start":{"line":52,"column":4},"end":{"line":57,"column":5}},"29":{"start":{"line":53,"column":6},"end":{"line":53,"column":156}},"30":{"start":{"line":55,"column":6},"end":{"line":55,"column":57}},"31":{"start":{"line":56,"column":6},"end":{"line":56,"column":13}},"32":{"start":{"line":59,"column":4},"end":{"line":59,"column":41}},"33":{"start":{"line":60,"column":4},"end":{"line":60,"column":11}},"34":{"start":{"line":63,"column":2},"end":{"line":63,"column":45}}},"branchMap":{"1":{"line":19,"type":"cond-expr","locations":[{"start":{"line":19,"column":70},"end":{"line":19,"column":73}},{"start":{"line":19,"column":76},"end":{"line":19,"column":92}}]},"2":{"line":19,"type":"binary-expr","locations":[{"start":{"line":19,"column":46},"end":{"line":19,"column":49}},{"start":{"line":19,"column":53},"end":{"line":19,"column":67}}]},"3":{"line":31,"type":"if","locations":[{"start":{"line":31,"column":2},"end":{"line":31,"column":2}},{"start":{"line":31,"column":2},"end":{"line":31,"column":2}}]},"4":{"line":31,"type":"binary-expr","locations":[{"start":{"line":31,"column":6},"end":{"line":31,"column":27}},{"start":{"line":31,"column":31},"end":{"line":31,"column":59}}]},"5":{"line":35,"type":"if","locations":[{"start":{"line":35,"column":4},"end":{"line":35,"column":4}},{"start":{"line":35,"column":4},"end":{"line":35,"column":4}}]},"6":{"line":39,"type":"cond-expr","locations":[{"start":{"line":39,"column":31},"end":{"line":39,"column":130}},{"start":{"line":39,"column":133},"end":{"line":39,"column":220}}]},"7":{"line":52,"type":"if","locations":[{"start":{"line":52,"column":4},"end":{"line":52,"column":4}},{"start":{"line":52,"column":4},"end":{"line":52,"column":4}}]}},"code":["'use strict';","","var _ReplaceSource = require('webpack-sources/lib/ReplaceSource');","","var _ReplaceSource2 = _interopRequireDefault(_ReplaceSource);","","var _SourceMapSource = require('webpack-sources/lib/SourceMapSource');","","var _SourceMapSource2 = _interopRequireDefault(_SourceMapSource);","","var _OriginalSource = require('webpack-sources/lib/OriginalSource');","","var _OriginalSource2 = _interopRequireDefault(_OriginalSource);","","var _loaderUtils = require('loader-utils');","","var _loaderUtils2 = _interopRequireDefault(_loaderUtils);","","function _interopRequireDefault(obj) { return obj && obj.__esModule ? obj : { default: obj }; }","","var useStrictRegex = /^((\"|')use strict(\"|');)/;","","// Note: no export default here cause of Babel 6","module.exports = function includeFilesLoader(sourceCode, sourceMap) {","  var _this = this;","","  this.cacheable();","","  var loaderOptions = _loaderUtils2.default.parseQuery(this.query);","","  if (loaderOptions.include && loaderOptions.include.length) {","    var insertIndex = 0;","    var match = sourceCode.match(useStrictRegex);","","    if (match !== null) {","      insertIndex = match.index + match[0].length;","    }","","    var original = sourceMap ? new _SourceMapSource2.default(sourceCode, _loaderUtils2.default.getCurrentRequest(this), sourceMap) : new _OriginalSource2.default(sourceCode, _loaderUtils2.default.getCurrentRequest(this));","","    var originalSource = original.source();","    var originalMap = original.map();","","    var result = new _ReplaceSource2.default(original);","","    var includes = loaderOptions.include.map(function (modPath) {","      return 'require(' + _loaderUtils2.default.stringifyRequest(_this, modPath) + ');';","    }).join('\\n');","","    result.insert(insertIndex, '\\n' + includes);","","    if (originalMap) {","      var source = new _SourceMapSource2.default(result.source(), _loaderUtils2.default.getCurrentRequest(this), result.map(), originalSource, originalMap);","","      this.callback(null, source.source(), source.map());","      return;","    }","","    this.callback(null, result.source());","    return;","  }","","  this.callback(null, sourceCode, sourceMap);","};"],"l":{"3":1,"5":1,"7":1,"9":1,"11":1,"13":1,"15":1,"17":1,"19":4,"21":1,"24":1,"25":0,"27":0,"29":0,"31":0,"32":0,"33":0,"35":0,"36":0,"39":0,"41":0,"42":0,"44":0,"46":0,"47":0,"50":0,"52":0,"53":0,"55":0,"56":0,"59":0,"60":0,"63":0}}}